#
# There is insufficient memory for the Java Runtime Environment to continue.
# Native memory allocation (mmap) failed to map 71303168 bytes for G1 virtual space
# Possible reasons:
#   The system is out of physical RAM or swap space
#   The process is running with CompressedOops enabled, and the Java Heap may be blocking the growth of the native heap
# Possible solutions:
#   Reduce memory load on the system
#   Increase physical memory or swap space
#   Check if swap backing store is full
#   Decrease Java heap size (-Xmx/-Xms)
#   Decrease number of Java threads
#   Decrease Java thread stack sizes (-Xss)
#   Set larger code cache with -XX:ReservedCodeCacheSize=
#   JVM is running with Unscaled Compressed Oops mode in which the Java heap is
#     placed in the first 4GB address space. The Java Heap base address is the
#     maximum limit for the native heap growth. Please use -XX:HeapBaseMinAddress
#     to set the Java Heap base and to place the Java Heap above 4GB virtual address.
# This output file may be truncated or incomplete.
#
#  Out of Memory Error (os_windows.cpp:3469), pid=1100, tid=6812
#
# JRE version: OpenJDK Runtime Environment Temurin-17+35 (17.0+35) (build 17+35)
# Java VM: OpenJDK 64-Bit Server VM Temurin-17+35 (17+35, mixed mode, tiered, compressed oops, compressed class ptrs, g1 gc, windows-amd64)
# No core dump will be written. Minidumps are not enabled by default on client versions of Windows
#

---------------  S U M M A R Y ------------

Command Line: -Dfile.encoding=UTF-8 -XX:+ShowCodeDetailsInExceptionMessages com.AppRH.AppRH.AppRhApplication

Host: Intel(R) Pentium(R) CPU G2030 @ 3.00GHz, 2 cores, 3G,  Windows 10 , 64 bit Build 19041 (10.0.19041.928)
Time: Thu Dec 30 15:21:15 2021 Hora oficial do Brasil elapsed time: 8.637468 seconds (0d 0h 0m 8s)

---------------  T H R E A D  ---------------

Current thread (0x0000025cf264fd40):  VMThread "VM Thread" [stack: 0x0000008e6d600000,0x0000008e6d700000] [id=6812]

Stack: [0x0000008e6d600000,0x0000008e6d700000]
Native frames: (J=compiled Java code, j=interpreted, Vv=VM code, C=native code)
V  [jvm.dll+0x674afa]
V  [jvm.dll+0x82eb44]
V  [jvm.dll+0x8302ee]
V  [jvm.dll+0x830953]
V  [jvm.dll+0x245335]
V  [jvm.dll+0x671ae9]
V  [jvm.dll+0x6665b2]
V  [jvm.dll+0x303e3b]
V  [jvm.dll+0x30b376]
V  [jvm.dll+0x35b30e]
V  [jvm.dll+0x35b53f]
V  [jvm.dll+0x2dad78]
V  [jvm.dll+0x2d902c]
V  [jvm.dll+0x2d85fc]
V  [jvm.dll+0x31c44b]
V  [jvm.dll+0x834dbb]
V  [jvm.dll+0x835af4]
V  [jvm.dll+0x83600c]
V  [jvm.dll+0x8363e4]
V  [jvm.dll+0x8364b0]
V  [jvm.dll+0x7dedba]
V  [jvm.dll+0x673925]
C  [ucrtbase.dll+0x21bb2]
C  [KERNEL32.DLL+0x17034]
C  [ntdll.dll+0x52651]

VM_Operation (0x0000008e6e5f9350): G1CollectForAllocation, mode: safepoint, requested by thread 0x0000025cf4fe45e0


---------------  P R O C E S S  ---------------

Threads class SMR info:
_java_thread_list=0x0000025cf48a7900, length=17, elements={
0x0000025cdbb74660, 0x0000025cf2692a60, 0x0000025cf2694930, 0x0000025cf26ee290,
0x0000025cf26f0b60, 0x0000025cf26f1420, 0x0000025cf26f1ce0, 0x0000025cf26f28d0,
0x0000025cf275e830, 0x0000025cf3115850, 0x0000025cf321cc40, 0x0000025cf3233570,
0x0000025cf39a7cb0, 0x0000025cf4fe45e0, 0x0000025cf6e21150, 0x0000025cf6eef6e0,
0x0000025cf4e45020
}

Java Threads: ( => current thread )
  0x0000025cdbb74660 JavaThread "main" [_thread_blocked, id=4780, stack(0x0000008e6d000000,0x0000008e6d100000)]
  0x0000025cf2692a60 JavaThread "Reference Handler" daemon [_thread_blocked, id=2744, stack(0x0000008e6d700000,0x0000008e6d800000)]
  0x0000025cf2694930 JavaThread "Finalizer" daemon [_thread_blocked, id=1988, stack(0x0000008e6d800000,0x0000008e6d900000)]
  0x0000025cf26ee290 JavaThread "Signal Dispatcher" daemon [_thread_blocked, id=1760, stack(0x0000008e6d900000,0x0000008e6da00000)]
  0x0000025cf26f0b60 JavaThread "Attach Listener" daemon [_thread_blocked, id=5288, stack(0x0000008e6da00000,0x0000008e6db00000)]
  0x0000025cf26f1420 JavaThread "Service Thread" daemon [_thread_blocked, id=2604, stack(0x0000008e6db00000,0x0000008e6dc00000)]
  0x0000025cf26f1ce0 JavaThread "Monitor Deflation Thread" daemon [_thread_blocked, id=6520, stack(0x0000008e6dc00000,0x0000008e6dd00000)]
  0x0000025cf26f28d0 JavaThread "C2 CompilerThread0" daemon [_thread_blocked, id=4320, stack(0x0000008e6dd00000,0x0000008e6de00000)]
  0x0000025cf275e830 JavaThread "C1 CompilerThread0" daemon [_thread_blocked, id=5960, stack(0x0000008e6de00000,0x0000008e6df00000)]
  0x0000025cf3115850 JavaThread "Sweeper thread" daemon [_thread_blocked, id=6472, stack(0x0000008e6df00000,0x0000008e6e000000)]
  0x0000025cf321cc40 JavaThread "Notification Thread" daemon [_thread_blocked, id=3428, stack(0x0000008e6e000000,0x0000008e6e100000)]
  0x0000025cf3233570 JavaThread "Common-Cleaner" daemon [_thread_blocked, id=3180, stack(0x0000008e6e200000,0x0000008e6e300000)]
  0x0000025cf39a7cb0 JavaThread "Thread-0" [_thread_blocked, id=2492, stack(0x0000008e6e400000,0x0000008e6e500000)]
  0x0000025cf4fe45e0 JavaThread "restartedMain" [_thread_blocked, id=1632, stack(0x0000008e6e500000,0x0000008e6e600000)]
  0x0000025cf6e21150 JavaThread "Catalina-utility-1" [_thread_blocked, id=6176, stack(0x0000008e6e600000,0x0000008e6e700000)]
  0x0000025cf6eef6e0 JavaThread "Catalina-utility-2" [_thread_blocked, id=5192, stack(0x0000008e6e700000,0x0000008e6e800000)]
  0x0000025cf4e45020 JavaThread "container-0" [_thread_blocked, id=6896, stack(0x0000008e6e800000,0x0000008e6e900000)]

Other Threads:
=>0x0000025cf264fd40 VMThread "VM Thread" [stack: 0x0000008e6d600000,0x0000008e6d700000] [id=6812]
  0x0000025cf263b750 WatcherThread [stack: 0x0000008e6e100000,0x0000008e6e200000] [id=3708]
  0x0000025cdbba24d0 GCTaskThread "GC Thread#0" [stack: 0x0000008e6d100000,0x0000008e6d200000] [id=3456]
  0x0000025cf361bc00 GCTaskThread "GC Thread#1" [stack: 0x0000008e6e300000,0x0000008e6e400000] [id=2704]
  0x0000025cdbbae3d0 ConcurrentGCThread "G1 Main Marker" [stack: 0x0000008e6d200000,0x0000008e6d300000] [id=5724]
  0x0000025cdbbaecf0 ConcurrentGCThread "G1 Conc#0" [stack: 0x0000008e6d300000,0x0000008e6d400000] [id=4452]
  0x0000025cdbbf5e20 ConcurrentGCThread "G1 Refine#0" [stack: 0x0000008e6d400000,0x0000008e6d500000] [id=3848]
  0x0000025cdbbf6750 ConcurrentGCThread "G1 Service" [stack: 0x0000008e6d500000,0x0000008e6d600000] [id=5732]

Threads with active compile tasks:

VM state: at safepoint (normal execution)

VM Mutex/Monitor currently owned by a thread:  ([mutex/lock_event])
[0x0000025cdbb70820] Threads_lock - owner thread: 0x0000025cf264fd40
[0x0000025cdbb6faa0] Heap_lock - owner thread: 0x0000025cf4fe45e0

Heap address: 0x00000000c1c00000, size: 996 MB, Compressed Oops mode: 32-bit

CDS archive(s) not mapped
Compressed class space mapped at: 0x0000000100000000-0x0000000140000000, reserved size: 1073741824
Narrow klass base: 0x0000000000000000, Narrow klass shift: 3, Narrow klass range: 0x140000000

GC Precious Log:
 CPUs: 2 total, 2 available
 Memory: 3977M
 Large Page Support: Disabled
 NUMA Support: Disabled
 Compressed Oops: Enabled (32-bit)
 Heap Region Size: 1M
 Heap Min Capacity: 8M
 Heap Initial Capacity: 64M
 Heap Max Capacity: 996M
 Pre-touch: Disabled
 Parallel Workers: 2
 Concurrent Workers: 1
 Concurrent Refinement Workers: 2
 Periodic GC: Disabled

Heap:
 garbage-first heap   total 65536K, used 15150K [0x00000000c1c00000, 0x0000000100000000)
  region size 1024K, 1 young (1024K), 1 survivors (1024K)
 Metaspace       used 34960K, committed 35264K, reserved 1081344K
  class space    used 4028K, committed 4160K, reserved 1048576K

Heap Regions: E=young(eden), S=young(survivor), O=old, HS=humongous(starts), HC=humongous(continues), CS=collection set, F=free, OA=open archive, CA=closed archive, TAMS=top-at-mark-start (previous, next)
|   0|0x00000000c1c00000, 0x00000000c1d00000, 0x00000000c1d00000|100%|HS|  |TAMS 0x00000000c1d00000, 0x00000000c1c00000| Complete 
|   1|0x00000000c1d00000, 0x00000000c1e00000, 0x00000000c1e00000|100%| O|  |TAMS 0x00000000c1e00000, 0x00000000c1d00000| Untracked 
|   2|0x00000000c1e00000, 0x00000000c1f00000, 0x00000000c1f00000|100%| O|  |TAMS 0x00000000c1f00000, 0x00000000c1e00000| Untracked 
|   3|0x00000000c1f00000, 0x00000000c2000000, 0x00000000c2000000|100%| O|  |TAMS 0x00000000c2000000, 0x00000000c1f00000| Untracked 
|   4|0x00000000c2000000, 0x00000000c2100000, 0x00000000c2100000|100%| O|  |TAMS 0x00000000c203ee00, 0x00000000c2000000| Untracked 
|   5|0x00000000c2100000, 0x00000000c2200000, 0x00000000c2200000|100%| O|  |TAMS 0x00000000c2100000, 0x00000000c2100000| Untracked 
|   6|0x00000000c2200000, 0x00000000c2300000, 0x00000000c2300000|100%| O|  |TAMS 0x00000000c2200000, 0x00000000c2200000| Untracked 
|   7|0x00000000c2300000, 0x00000000c2400000, 0x00000000c2400000|100%| O|  |TAMS 0x00000000c2300000, 0x00000000c2300000| Untracked 
|   8|0x00000000c2400000, 0x00000000c2500000, 0x00000000c2500000|100%| O|  |TAMS 0x00000000c2400000, 0x00000000c2400000| Untracked 
|   9|0x00000000c2500000, 0x00000000c2600000, 0x00000000c2600000|100%| O|  |TAMS 0x00000000c2500000, 0x00000000c2500000| Untracked 
|  10|0x00000000c2600000, 0x00000000c2700000, 0x00000000c2700000|100%| O|  |TAMS 0x00000000c2600000, 0x00000000c2600000| Untracked 
|  11|0x00000000c2700000, 0x00000000c2800000, 0x00000000c2800000|100%| O|  |TAMS 0x00000000c2700000, 0x00000000c2700000| Untracked 
|  12|0x00000000c2800000, 0x00000000c2900000, 0x00000000c2900000|100%| O|  |TAMS 0x00000000c2800000, 0x00000000c2800000| Untracked 
|  13|0x00000000c2900000, 0x00000000c2a00000, 0x00000000c2a00000|100%| O|  |TAMS 0x00000000c2900000, 0x00000000c2900000| Untracked 
|  14|0x00000000c2a00000, 0x00000000c2a00000, 0x00000000c2b00000|  0%| F|  |TAMS 0x00000000c2a00000, 0x00000000c2a00000| Untracked 
|  15|0x00000000c2b00000, 0x00000000c2b00000, 0x00000000c2c00000|  0%| F|  |TAMS 0x00000000c2b00000, 0x00000000c2b00000| Untracked 
|  16|0x00000000c2c00000, 0x00000000c2c00000, 0x00000000c2d00000|  0%| F|  |TAMS 0x00000000c2c00000, 0x00000000c2c00000| Untracked 
|  17|0x00000000c2d00000, 0x00000000c2d00000, 0x00000000c2e00000|  0%| F|  |TAMS 0x00000000c2d00000, 0x00000000c2d00000| Untracked 
|  18|0x00000000c2e00000, 0x00000000c2e00000, 0x00000000c2f00000|  0%| F|  |TAMS 0x00000000c2e00000, 0x00000000c2e00000| Untracked 
|  19|0x00000000c2f00000, 0x00000000c2f00000, 0x00000000c3000000|  0%| F|  |TAMS 0x00000000c2f00000, 0x00000000c2f00000| Untracked 
|  20|0x00000000c3000000, 0x00000000c3000000, 0x00000000c3100000|  0%| F|  |TAMS 0x00000000c3000000, 0x00000000c3000000| Untracked 
|  21|0x00000000c3100000, 0x00000000c31cb830, 0x00000000c3200000| 79%| S|CS|TAMS 0x00000000c3100000, 0x00000000c3100000| Complete 
|  22|0x00000000c3200000, 0x00000000c3200000, 0x00000000c3300000|  0%| F|  |TAMS 0x00000000c3200000, 0x00000000c3200000| Untracked 
|  23|0x00000000c3300000, 0x00000000c3300000, 0x00000000c3400000|  0%| F|  |TAMS 0x00000000c3300000, 0x00000000c3300000| Untracked 
|  24|0x00000000c3400000, 0x00000000c3400000, 0x00000000c3500000|  0%| F|  |TAMS 0x00000000c3400000, 0x00000000c3400000| Untracked 
|  25|0x00000000c3500000, 0x00000000c3500000, 0x00000000c3600000|  0%| F|  |TAMS 0x00000000c3500000, 0x00000000c3500000| Untracked 
|  26|0x00000000c3600000, 0x00000000c3600000, 0x00000000c3700000|  0%| F|  |TAMS 0x00000000c3600000, 0x00000000c3600000| Untracked 
|  27|0x00000000c3700000, 0x00000000c3700000, 0x00000000c3800000|  0%| F|  |TAMS 0x00000000c3700000, 0x00000000c3700000| Untracked 
|  28|0x00000000c3800000, 0x00000000c3800000, 0x00000000c3900000|  0%| F|  |TAMS 0x00000000c3800000, 0x00000000c3800000| Untracked 
|  29|0x00000000c3900000, 0x00000000c3900000, 0x00000000c3a00000|  0%| F|  |TAMS 0x00000000c3900000, 0x00000000c3900000| Untracked 
|  30|0x00000000c3a00000, 0x00000000c3a00000, 0x00000000c3b00000|  0%| F|  |TAMS 0x00000000c3a00000, 0x00000000c3a00000| Untracked 
|  31|0x00000000c3b00000, 0x00000000c3b00000, 0x00000000c3c00000|  0%| F|  |TAMS 0x00000000c3b00000, 0x00000000c3b00000| Untracked 
|  32|0x00000000c3c00000, 0x00000000c3c00000, 0x00000000c3d00000|  0%| F|  |TAMS 0x00000000c3c00000, 0x00000000c3c00000| Untracked 
|  33|0x00000000c3d00000, 0x00000000c3d00000, 0x00000000c3e00000|  0%| F|  |TAMS 0x00000000c3d00000, 0x00000000c3d00000| Untracked 
|  34|0x00000000c3e00000, 0x00000000c3e00000, 0x00000000c3f00000|  0%| F|  |TAMS 0x00000000c3e00000, 0x00000000c3e00000| Untracked 
|  35|0x00000000c3f00000, 0x00000000c3f00000, 0x00000000c4000000|  0%| F|  |TAMS 0x00000000c3f00000, 0x00000000c3f00000| Untracked 
|  36|0x00000000c4000000, 0x00000000c4000000, 0x00000000c4100000|  0%| F|  |TAMS 0x00000000c4000000, 0x00000000c4000000| Untracked 
|  37|0x00000000c4100000, 0x00000000c4100000, 0x00000000c4200000|  0%| F|  |TAMS 0x00000000c4100000, 0x00000000c4100000| Untracked 
|  38|0x00000000c4200000, 0x00000000c4200000, 0x00000000c4300000|  0%| F|  |TAMS 0x00000000c4200000, 0x00000000c4200000| Untracked 
|  39|0x00000000c4300000, 0x00000000c4300000, 0x00000000c4400000|  0%| F|  |TAMS 0x00000000c4300000, 0x00000000c4300000| Untracked 
|  40|0x00000000c4400000, 0x00000000c4400000, 0x00000000c4500000|  0%| F|  |TAMS 0x00000000c4400000, 0x00000000c4400000| Untracked 
|  41|0x00000000c4500000, 0x00000000c4500000, 0x00000000c4600000|  0%| F|  |TAMS 0x00000000c4500000, 0x00000000c4500000| Untracked 
|  42|0x00000000c4600000, 0x00000000c4600000, 0x00000000c4700000|  0%| F|  |TAMS 0x00000000c4600000, 0x00000000c4600000| Untracked 
|  43|0x00000000c4700000, 0x00000000c4700000, 0x00000000c4800000|  0%| F|  |TAMS 0x00000000c4700000, 0x00000000c4700000| Untracked 
|  44|0x00000000c4800000, 0x00000000c4800000, 0x00000000c4900000|  0%| F|  |TAMS 0x00000000c4800000, 0x00000000c4800000| Untracked 
|  45|0x00000000c4900000, 0x00000000c4900000, 0x00000000c4a00000|  0%| F|  |TAMS 0x00000000c4900000, 0x00000000c4900000| Untracked 
|  46|0x00000000c4a00000, 0x00000000c4a00000, 0x00000000c4b00000|  0%| F|  |TAMS 0x00000000c4a00000, 0x00000000c4a00000| Untracked 
|  47|0x00000000c4b00000, 0x00000000c4b00000, 0x00000000c4c00000|  0%| F|  |TAMS 0x00000000c4b00000, 0x00000000c4b00000| Untracked 
|  48|0x00000000c4c00000, 0x00000000c4c00000, 0x00000000c4d00000|  0%| F|  |TAMS 0x00000000c4c00000, 0x00000000c4c00000| Untracked 
|  49|0x00000000c4d00000, 0x00000000c4d00000, 0x00000000c4e00000|  0%| F|  |TAMS 0x00000000c4d00000, 0x00000000c4d00000| Untracked 
|  50|0x00000000c4e00000, 0x00000000c4e00000, 0x00000000c4f00000|  0%| F|  |TAMS 0x00000000c4e00000, 0x00000000c4e00000| Untracked 
|  51|0x00000000c4f00000, 0x00000000c4f00000, 0x00000000c5000000|  0%| F|  |TAMS 0x00000000c4f00000, 0x00000000c4f00000| Untracked 
|  52|0x00000000c5000000, 0x00000000c5000000, 0x00000000c5100000|  0%| F|  |TAMS 0x00000000c5000000, 0x00000000c5000000| Untracked 
|  53|0x00000000c5100000, 0x00000000c5100000, 0x00000000c5200000|  0%| F|  |TAMS 0x00000000c5100000, 0x00000000c5100000| Untracked 
|  54|0x00000000c5200000, 0x00000000c5200000, 0x00000000c5300000|  0%| F|  |TAMS 0x00000000c5200000, 0x00000000c5200000| Untracked 
|  55|0x00000000c5300000, 0x00000000c5300000, 0x00000000c5400000|  0%| F|  |TAMS 0x00000000c5300000, 0x00000000c5300000| Untracked 
|  56|0x00000000c5400000, 0x00000000c5400000, 0x00000000c5500000|  0%| F|  |TAMS 0x00000000c5400000, 0x00000000c5400000| Untracked 
|  57|0x00000000c5500000, 0x00000000c5500000, 0x00000000c5600000|  0%| F|  |TAMS 0x00000000c5500000, 0x00000000c5500000| Untracked 
|  58|0x00000000c5600000, 0x00000000c5600000, 0x00000000c5700000|  0%| F|  |TAMS 0x00000000c5600000, 0x00000000c5600000| Untracked 
|  59|0x00000000c5700000, 0x00000000c5700000, 0x00000000c5800000|  0%| F|  |TAMS 0x00000000c5700000, 0x00000000c5700000| Untracked 
|  60|0x00000000c5800000, 0x00000000c5800000, 0x00000000c5900000|  0%| F|  |TAMS 0x00000000c5800000, 0x00000000c5800000| Untracked 
|  61|0x00000000c5900000, 0x00000000c5900000, 0x00000000c5a00000|  0%| F|  |TAMS 0x00000000c5900000, 0x00000000c5900000| Untracked 
|  62|0x00000000c5a00000, 0x00000000c5a00000, 0x00000000c5b00000|  0%| F|  |TAMS 0x00000000c5a00000, 0x00000000c5a00000| Untracked 
|  63|0x00000000c5b00000, 0x00000000c5b00000, 0x00000000c5c00000|  0%| F|  |TAMS 0x00000000c5b00000, 0x00000000c5b00000| Untracked 

Card table byte_map: [0x0000025cdb950000,0x0000025cdbb50000] _byte_map_base: 0x0000025cdb342000

Marking Bits (Prev, Next): (CMBitMap*) 0x0000025cdbba4e50, (CMBitMap*) 0x0000025cdbba4e10
 Prev Bits: [0x0000025cef3b0000, 0x0000025cf0340000)
 Next Bits: [0x0000025cee420000, 0x0000025cef3b0000)

Polling page: 0x0000025cd99c0000

Metaspace:

Usage:
  Non-class:     30.21 MB used.
      Class:      3.93 MB used.
       Both:     34.14 MB used.

Virtual space:
  Non-class space:       32.00 MB reserved,      30.38 MB ( 95%) committed,  4 nodes.
      Class space:        1.00 GB reserved,       4.06 MB ( <1%) committed,  1 nodes.
             Both:        1.03 GB reserved,      34.44 MB (  3%) committed. 

Chunk freelists:
   Non-Class:  1.19 MB
       Class:  3.84 MB
        Both:  5.03 MB

MaxMetaspaceSize: unlimited
CompressedClassSpaceSize: 1.00 GB
Initial GC threshold: 21.00 MB
Current GC threshold: 35.12 MB
CDS: off
MetaspaceReclaimPolicy: balanced
 - commit_granule_bytes: 65536.
 - commit_granule_words: 8192.
 - virtual_space_node_default_size: 1048576.
 - enlarge_chunks_in_place: 1.
 - new_chunks_are_fully_committed: 0.
 - uncommit_free_chunks: 1.
 - use_allocation_guard: 0.
 - handle_deallocations: 1.


Internal statistics:

num_allocs_failed_limit: 3.
num_arena_births: 286.
num_arena_deaths: 0.
num_vsnodes_births: 5.
num_vsnodes_deaths: 0.
num_space_committed: 551.
num_space_uncommitted: 0.
num_chunks_returned_to_freelist: 3.
num_chunks_taken_from_freelist: 1215.
num_chunk_merges: 3.
num_chunk_splits: 805.
num_chunks_enlarged: 604.
num_purges: 0.
num_inconsistent_stats: 0.

CodeHeap 'non-profiled nmethods': size=120064Kb used=1765Kb max_used=1765Kb free=118298Kb
 bounds [0x0000025ce6ce0000, 0x0000025ce6f50000, 0x0000025cee220000]
CodeHeap 'profiled nmethods': size=120000Kb used=7892Kb max_used=7892Kb free=112107Kb
 bounds [0x0000025cdf7b0000, 0x0000025cdff70000, 0x0000025ce6ce0000]
CodeHeap 'non-nmethods': size=5696Kb used=1183Kb max_used=1216Kb free=4512Kb
 bounds [0x0000025cdf220000, 0x0000025cdf490000, 0x0000025cdf7b0000]
 total_blobs=3987 nmethods=3507 adapters=393
 compilation: enabled
              stopped_count=0, restarted_count=0
 full_count=0

Compilation events (20 events):
Event: 8.401 Thread 0x0000025cf275e830 nmethod 3509 0x0000025cdff64510 code [0x0000025cdff646c0, 0x0000025cdff64888]
Event: 8.401 Thread 0x0000025cf275e830 3510       2       java.util.ArrayList::<init> (63 bytes)
Event: 8.402 Thread 0x0000025cf275e830 nmethod 3510 0x0000025cdff64a10 code [0x0000025cdff64be0, 0x0000025cdff64ef8]
Event: 8.468 Thread 0x0000025cf26f28d0 nmethod 3436 0x0000025ce6e8c690 code [0x0000025ce6e8cba0, 0x0000025ce6e91d70]
Event: 8.468 Thread 0x0000025cf26f28d0 3499       4       org.springframework.util.ConcurrentReferenceHashMap::get (37 bytes)
Event: 8.485 Thread 0x0000025cf26f28d0 nmethod 3499 0x0000025ce6e94c90 code [0x0000025ce6e94e60, 0x0000025ce6e95908]
Event: 8.485 Thread 0x0000025cf26f28d0 3505       4       org.springframework.util.ConcurrentReferenceHashMap::getReference (18 bytes)
Event: 8.498 Thread 0x0000025cf26f28d0 nmethod 3505 0x0000025ce6e95f90 code [0x0000025ce6e96160, 0x0000025ce6e96b68]
Event: 8.498 Thread 0x0000025cf26f28d0 3496       4       org.springframework.util.ConcurrentReferenceHashMap$Segment::findInChain (66 bytes)
Event: 8.501 Thread 0x0000025cf26f28d0 nmethod 3496 0x0000025ce6e97190 code [0x0000025ce6e97320, 0x0000025ce6e975e8]
Event: 8.501 Thread 0x0000025cf26f28d0 3445 %     4       java.util.jar.JarFile::match @ 27 (132 bytes)
Event: 8.512 Thread 0x0000025cf26f28d0 nmethod 3445% 0x0000025ce6e97890 code [0x0000025ce6e97a20, 0x0000025ce6e97ef8]
Event: 8.512 Thread 0x0000025cf26f28d0 3440       4       java.net.URI$Parser::scan (76 bytes)
Event: 8.519 Thread 0x0000025cf26f28d0 nmethod 3440 0x0000025ce6e98190 code [0x0000025ce6e98380, 0x0000025ce6e98910]
Event: 8.520 Thread 0x0000025cf26f28d0 3511       4       jdk.internal.loader.BuiltinClassLoader::hasClassPath (13 bytes)
Event: 8.521 Thread 0x0000025cf26f28d0 nmethod 3511 0x0000025ce6e98f10 code [0x0000025ce6e99080, 0x0000025ce6e99118]
Event: 8.541 Thread 0x0000025cf275e830 3512       1       java.util.LinkedList::size (5 bytes)
Event: 8.541 Thread 0x0000025cf275e830 nmethod 3512 0x0000025ce6e99210 code [0x0000025ce6e993a0, 0x0000025ce6e99478]
Event: 8.574 Thread 0x0000025cf275e830 3513       3       java.util.ImmutableCollections$ListItr::hasNext (17 bytes)
Event: 8.574 Thread 0x0000025cf275e830 nmethod 3513 0x0000025cdff65010 code [0x0000025cdff651a0, 0x0000025cdff65318]

GC Heap History (20 events):
Event: 2.422 GC heap after
{Heap after GC invocations=6 (full 0):
 garbage-first heap   total 65536K, used 8279K [0x00000000c1c00000, 0x0000000100000000)
  region size 1024K, 3 young (3072K), 3 survivors (3072K)
 Metaspace       used 21355K, committed 21504K, reserved 1073152K
  class space    used 2283K, committed 2368K, reserved 1048576K
}
Event: 2.862 GC heap before
{Heap before GC invocations=7 (full 0):
 garbage-first heap   total 34816K, used 24663K [0x00000000c1c00000, 0x0000000100000000)
  region size 1024K, 20 young (20480K), 3 survivors (3072K)
 Metaspace       used 23767K, committed 24064K, reserved 1073152K
  class space    used 2618K, committed 2752K, reserved 1048576K
}
Event: 2.869 GC heap after
{Heap after GC invocations=8 (full 0):
 garbage-first heap   total 34816K, used 9233K [0x00000000c1c00000, 0x0000000100000000)
  region size 1024K, 2 young (2048K), 2 survivors (2048K)
 Metaspace       used 23767K, committed 24064K, reserved 1073152K
  class space    used 2618K, committed 2752K, reserved 1048576K
}
Event: 2.869 GC heap before
{Heap before GC invocations=8 (full 0):
 garbage-first heap   total 34816K, used 9233K [0x00000000c1c00000, 0x0000000100000000)
  region size 1024K, 3 young (3072K), 2 survivors (2048K)
 Metaspace       used 23767K, committed 24064K, reserved 1073152K
  class space    used 2618K, committed 2752K, reserved 1048576K
}
Event: 2.873 GC heap after
{Heap after GC invocations=9 (full 0):
 garbage-first heap   total 45056K, used 8965K [0x00000000c1c00000, 0x0000000100000000)
  region size 1024K, 1 young (1024K), 1 survivors (1024K)
 Metaspace       used 23767K, committed 24064K, reserved 1073152K
  class space    used 2618K, committed 2752K, reserved 1048576K
}
Event: 2.883 GC heap before
{Heap before GC invocations=9 (full 0):
 garbage-first heap   total 45056K, used 32517K [0x00000000c1c00000, 0x0000000100000000)
  region size 1024K, 25 young (25600K), 1 survivors (1024K)
 Metaspace       used 23767K, committed 24064K, reserved 1073152K
  class space    used 2618K, committed 2752K, reserved 1048576K
}
Event: 2.883 GC heap after
{Heap after GC invocations=10 (full 0):
 garbage-first heap   total 45056K, used 8998K [0x00000000c1c00000, 0x0000000100000000)
  region size 1024K, 1 young (1024K), 1 survivors (1024K)
 Metaspace       used 23767K, committed 24064K, reserved 1073152K
  class space    used 2618K, committed 2752K, reserved 1048576K
}
Event: 4.003 GC heap before
{Heap before GC invocations=10 (full 0):
 garbage-first heap   total 45056K, used 33574K [0x00000000c1c00000, 0x0000000100000000)
  region size 1024K, 26 young (26624K), 1 survivors (1024K)
 Metaspace       used 25954K, committed 26240K, reserved 1073152K
  class space    used 2856K, committed 3008K, reserved 1048576K
}
Event: 4.007 GC heap after
{Heap after GC invocations=11 (full 0):
 garbage-first heap   total 45056K, used 10585K [0x00000000c1c00000, 0x0000000100000000)
  region size 1024K, 2 young (2048K), 2 survivors (2048K)
 Metaspace       used 25954K, committed 26240K, reserved 1073152K
  class space    used 2856K, committed 3008K, reserved 1048576K
}
Event: 6.364 GC heap before
{Heap before GC invocations=11 (full 0):
 garbage-first heap   total 45056K, used 34137K [0x00000000c1c00000, 0x0000000100000000)
  region size 1024K, 25 young (25600K), 2 survivors (2048K)
 Metaspace       used 30396K, committed 30720K, reserved 1081344K
  class space    used 3469K, committed 3648K, reserved 1048576K
}
Event: 6.371 GC heap after
{Heap after GC invocations=12 (full 0):
 garbage-first heap   total 45056K, used 12672K [0x00000000c1c00000, 0x0000000100000000)
  region size 1024K, 4 young (4096K), 4 survivors (4096K)
 Metaspace       used 30396K, committed 30720K, reserved 1081344K
  class space    used 3469K, committed 3648K, reserved 1048576K
}
Event: 7.714 GC heap before
{Heap before GC invocations=12 (full 0):
 garbage-first heap   total 45056K, used 33152K [0x00000000c1c00000, 0x0000000100000000)
  region size 1024K, 25 young (25600K), 4 survivors (4096K)
 Metaspace       used 33555K, committed 33920K, reserved 1081344K
  class space    used 3872K, committed 4032K, reserved 1048576K
}
Event: 7.723 GC heap after
{Heap after GC invocations=13 (full 0):
 garbage-first heap   total 45056K, used 14556K [0x00000000c1c00000, 0x0000000100000000)
  region size 1024K, 2 young (2048K), 2 survivors (2048K)
 Metaspace       used 33555K, committed 33920K, reserved 1081344K
  class space    used 3872K, committed 4032K, reserved 1048576K
}
Event: 7.728 GC heap before
{Heap before GC invocations=13 (full 0):
 garbage-first heap   total 45056K, used 32988K [0x00000000c1c00000, 0x0000000100000000)
  region size 1024K, 21 young (21504K), 2 survivors (2048K)
 Metaspace       used 33555K, committed 33920K, reserved 1081344K
  class space    used 3872K, committed 4032K, reserved 1048576K
}
Event: 7.732 GC heap after
{Heap after GC invocations=14 (full 0):
 garbage-first heap   total 45056K, used 14396K [0x00000000c1c00000, 0x0000000100000000)
  region size 1024K, 1 young (1024K), 1 survivors (1024K)
 Metaspace       used 33555K, committed 33920K, reserved 1081344K
  class space    used 3872K, committed 4032K, reserved 1048576K
}
Event: 8.100 GC heap before
{Heap before GC invocations=14 (full 0):
 garbage-first heap   total 45056K, used 33852K [0x00000000c1c00000, 0x0000000100000000)
  region size 1024K, 21 young (21504K), 1 survivors (1024K)
 Metaspace       used 34250K, committed 34560K, reserved 1081344K
  class space    used 3935K, committed 4096K, reserved 1048576K
}
Event: 8.102 GC heap after
{Heap after GC invocations=15 (full 0):
 garbage-first heap   total 45056K, used 15034K [0x00000000c1c00000, 0x0000000100000000)
  region size 1024K, 1 young (1024K), 1 survivors (1024K)
 Metaspace       used 34250K, committed 34560K, reserved 1081344K
  class space    used 3935K, committed 4096K, reserved 1048576K
}
Event: 8.107 GC heap before
{Heap before GC invocations=15 (full 0):
 garbage-first heap   total 45056K, used 34490K [0x00000000c1c00000, 0x0000000100000000)
  region size 1024K, 21 young (21504K), 1 survivors (1024K)
 Metaspace       used 34250K, committed 34560K, reserved 1081344K
  class space    used 3935K, committed 4096K, reserved 1048576K
}
Event: 8.109 GC heap after
{Heap after GC invocations=16 (full 0):
 garbage-first heap   total 45056K, used 15082K [0x00000000c1c00000, 0x0000000100000000)
  region size 1024K, 1 young (1024K), 1 survivors (1024K)
 Metaspace       used 34250K, committed 34560K, reserved 1081344K
  class space    used 3935K, committed 4096K, reserved 1048576K
}
Event: 8.591 GC heap before
{Heap before GC invocations=16 (full 0):
 garbage-first heap   total 45056K, used 35562K [0x00000000c1c00000, 0x0000000100000000)
  region size 1024K, 22 young (22528K), 1 survivors (1024K)
 Metaspace       used 34960K, committed 35264K, reserved 1081344K
  class space    used 4028K, committed 4160K, reserved 1048576K
}

Deoptimization events (20 events):
Event: 8.084 Thread 0x0000025cf4fe45e0 DEOPT PACKING pc=0x0000025ce6d89138 sp=0x0000008e6e5fc120
Event: 8.084 Thread 0x0000025cf4fe45e0 DEOPT UNPACKING pc=0x0000025cdf27239d sp=0x0000008e6e5fc038 mode 2
Event: 8.092 Thread 0x0000025cf4fe45e0 Uncommon trap: trap_request=0xffffffde fr.pc=0x0000025ce6dc6e38 relative=0x0000000000001b58
Event: 8.092 Thread 0x0000025cf4fe45e0 Uncommon trap: reason=class_check action=maybe_recompile pc=0x0000025ce6dc6e38 method=java.util.zip.InflaterInputStream.read([BII)I @ 100 c2
Event: 8.092 Thread 0x0000025cf4fe45e0 DEOPT PACKING pc=0x0000025ce6dc6e38 sp=0x0000008e6e5fc4c0
Event: 8.092 Thread 0x0000025cf4fe45e0 DEOPT UNPACKING pc=0x0000025cdf27239d sp=0x0000008e6e5fc510 mode 2
Event: 8.092 Thread 0x0000025cf4fe45e0 Uncommon trap: trap_request=0xffffffde fr.pc=0x0000025ce6dc6e38 relative=0x0000000000001b58
Event: 8.092 Thread 0x0000025cf4fe45e0 Uncommon trap: reason=class_check action=maybe_recompile pc=0x0000025ce6dc6e38 method=java.util.zip.InflaterInputStream.read([BII)I @ 100 c2
Event: 8.092 Thread 0x0000025cf4fe45e0 DEOPT PACKING pc=0x0000025ce6dc6e38 sp=0x0000008e6e5fc3f0
Event: 8.092 Thread 0x0000025cf4fe45e0 DEOPT UNPACKING pc=0x0000025cdf27239d sp=0x0000008e6e5fc440 mode 2
Event: 8.094 Thread 0x0000025cf4fe45e0 Uncommon trap: trap_request=0xffffffde fr.pc=0x0000025ce6dc6e38 relative=0x0000000000001b58
Event: 8.094 Thread 0x0000025cf4fe45e0 Uncommon trap: reason=class_check action=maybe_recompile pc=0x0000025ce6dc6e38 method=java.util.zip.InflaterInputStream.read([BII)I @ 100 c2
Event: 8.094 Thread 0x0000025cf4fe45e0 DEOPT PACKING pc=0x0000025ce6dc6e38 sp=0x0000008e6e5fc4c0
Event: 8.094 Thread 0x0000025cf4fe45e0 DEOPT UNPACKING pc=0x0000025cdf27239d sp=0x0000008e6e5fc510 mode 2
Event: 8.094 Thread 0x0000025cf4fe45e0 Uncommon trap: trap_request=0xffffffde fr.pc=0x0000025ce6dc6e38 relative=0x0000000000001b58
Event: 8.094 Thread 0x0000025cf4fe45e0 Uncommon trap: reason=class_check action=maybe_recompile pc=0x0000025ce6dc6e38 method=java.util.zip.InflaterInputStream.read([BII)I @ 100 c2
Event: 8.094 Thread 0x0000025cf4fe45e0 DEOPT PACKING pc=0x0000025ce6dc6e38 sp=0x0000008e6e5fc3f0
Event: 8.094 Thread 0x0000025cf4fe45e0 DEOPT UNPACKING pc=0x0000025cdf27239d sp=0x0000008e6e5fc440 mode 2
Event: 8.198 Thread 0x0000025cf4fe45e0 DEOPT PACKING pc=0x0000025cdfe71938 sp=0x0000008e6e5fbc80
Event: 8.198 Thread 0x0000025cf4fe45e0 DEOPT UNPACKING pc=0x0000025cdf272b24 sp=0x0000008e6e5fb198 mode 0

Classes unloaded (0 events):
No events

Classes redefined (0 events):
No events

Internal exceptions (20 events):
Event: 5.844 Thread 0x0000025cf4fe45e0 Exception <a 'java/lang/ClassNotFoundException'{0x00000000c34597c8}: org/springframework/context/annotation/ImportAwareCustomizer> (0x00000000c34597c8) 
thrown [e:\jenkins\tmp\workspace\build\src\src\hotspot\share\classfile\systemDictionary.cpp, line 256]
Event: 5.845 Thread 0x0000025cf4fe45e0 Exception <a 'java/lang/ClassNotFoundException'{0x00000000c345f130}: org/springframework/beans/factory/AwareCustomizer> (0x00000000c345f130) 
thrown [e:\jenkins\tmp\workspace\build\src\src\hotspot\share\classfile\systemDictionary.cpp, line 256]
Event: 6.111 Thread 0x0000025cf4fe45e0 Exception <a 'java/lang/NoSuchMethodError'{0x00000000c33ebe10}: 'java.lang.Object java.lang.invoke.DirectMethodHandle$Holder.invokeSpecialIFC(java.lang.Object, java.lang.Object, java.lang.Object)'> (0x00000000c33ebe10) 
thrown [e:\jenkins\tmp\workspace\build\src\src\hotspot\share\interpreter\linkResolver.cpp, line 766]
Event: 6.316 Thread 0x0000025cf4fe45e0 Exception <a 'java/lang/NoSuchMethodError'{0x00000000c312c398}: 'int java.lang.invoke.DirectMethodHandle$Holder.invokeSpecial(java.lang.Object, java.lang.Object, java.lang.Object, java.lang.Object, java.lang.Object)'> (0x00000000c312c398) 
thrown [e:\jenkins\tmp\workspace\build\src\src\hotspot\share\interpreter\linkResolver.cpp, line 766]
Event: 6.433 Thread 0x0000025cf4fe45e0 Exception <a 'java/lang/NoSuchMethodError'{0x00000000c5107a00}: 'java.lang.Object java.lang.invoke.DirectMethodHandle$Holder.invokeStatic(java.lang.Object, java.lang.Object, int)'> (0x00000000c5107a00) 
thrown [e:\jenkins\tmp\workspace\build\src\src\hotspot\share\interpreter\linkResolver.cpp, line 766]
Event: 6.441 Thread 0x0000025cf4fe45e0 Exception <a 'java/lang/NoSuchMethodError'{0x00000000c5113740}: 'void java.lang.invoke.DelegatingMethodHandle$Holder.delegate(java.lang.Object, java.lang.Object, int, java.lang.Object)'> (0x00000000c5113740) 
thrown [e:\jenkins\tmp\workspace\build\src\src\hotspot\share\interpreter\linkResolver.cpp, line 766]
Event: 6.601 Thread 0x0000025cf4fe45e0 Exception <a 'java/lang/NoSuchMethodError'{0x00000000c50d5be0}: 'void java.lang.invoke.DirectMethodHandle$Holder.invokeInterface(java.lang.Object, java.lang.Object, int)'> (0x00000000c50d5be0) 
thrown [e:\jenkins\tmp\workspace\build\src\src\hotspot\share\interpreter\linkResolver.cpp, line 766]
Event: 6.605 Thread 0x0000025cf4fe45e0 Exception <a 'java/lang/NoSuchMethodError'{0x00000000c50f0000}: 'int java.lang.invoke.DirectMethodHandle$Holder.invokeVirtual(java.lang.Object, java.lang.Object)'> (0x00000000c50f0000) 
thrown [e:\jenkins\tmp\workspace\build\src\src\hotspot\share\interpreter\linkResolver.cpp, line 766]
Event: 6.644 Thread 0x0000025cf4fe45e0 Exception <a 'java/lang/IncompatibleClassChangeError'{0x00000000c4f29b38}: Found class java.lang.Object, but interface was expected> (0x00000000c4f29b38) 
thrown [e:\jenkins\tmp\workspace\build\src\src\hotspot\share\interpreter\linkResolver.cpp, line 833]
Event: 6.645 Thread 0x0000025cf4fe45e0 Exception <a 'java/lang/NoSuchMethodError'{0x00000000c4f2ecc0}: 'void java.lang.invoke.DirectMethodHandle$Holder.invokeStatic(java.lang.Object, int, java.lang.Object)'> (0x00000000c4f2ecc0) 
thrown [e:\jenkins\tmp\workspace\build\src\src\hotspot\share\interpreter\linkResolver.cpp, line 766]
Event: 6.652 Thread 0x0000025cf4fe45e0 Exception <a 'java/lang/NoSuchMethodError'{0x00000000c4f5de00}: 'int java.lang.invoke.DirectMethodHandle$Holder.invokeSpecial(java.lang.Object, java.lang.Object, int)'> (0x00000000c4f5de00) 
thrown [e:\jenkins\tmp\workspace\build\src\src\hotspot\share\interpreter\linkResolver.cpp, line 766]
Event: 7.045 Thread 0x0000025cf4fe45e0 Exception <a 'java/lang/NoSuchMethodError'{0x00000000c4000b90}: 'java.lang.Object java.lang.invoke.DirectMethodHandle$Holder.invokeStaticInit(java.lang.Object, int, int, int, int)'> (0x00000000c4000b90) 
thrown [e:\jenkins\tmp\workspace\build\src\src\hotspot\share\interpreter\linkResolver.cpp, line 766]
Event: 7.322 Thread 0x0000025cf4fe45e0 Exception <a 'java/lang/NoSuchMethodError'{0x00000000c40c6018}: 'java.lang.Object java.lang.invoke.DirectMethodHandle$Holder.invokeStaticInit(java.lang.Object, java.lang.Object, int, int, int, int)'> (0x00000000c40c6018) 
thrown [e:\jenkins\tmp\workspace\build\src\src\hotspot\share\interpreter\linkResolver.cpp, line 766]
Event: 7.826 Thread 0x0000025cf4fe45e0 Exception <a 'sun/nio/fs/WindowsException'{0x00000000c3922b68}> (0x00000000c3922b68) 
thrown [e:\jenkins\tmp\workspace\build\src\src\hotspot\share\prims\jni.cpp, line 516]
Event: 7.827 Thread 0x0000025cf4fe45e0 Exception <a 'sun/nio/fs/WindowsException'{0x00000000c3928850}> (0x00000000c3928850) 
thrown [e:\jenkins\tmp\workspace\build\src\src\hotspot\share\prims\jni.cpp, line 516]
Event: 7.847 Thread 0x0000025cf4fe45e0 Exception <a 'sun/nio/fs/WindowsException'{0x00000000c3928f48}> (0x00000000c3928f48) 
thrown [e:\jenkins\tmp\workspace\build\src\src\hotspot\share\prims\jni.cpp, line 516]
Event: 8.084 Thread 0x0000025cf4fe45e0 Implicit null exception at 0x0000025ce6d86843 to 0x0000025ce6d8912c
Event: 8.235 Thread 0x0000025cf4fe45e0 Exception <a 'java/io/FileNotFoundException'{0x00000000c373fce0}> (0x00000000c373fce0) 
thrown [e:\jenkins\tmp\workspace\build\src\src\hotspot\share\prims\jni.cpp, line 516]
Event: 8.348 Thread 0x0000025cf4fe45e0 Exception <a 'java/lang/NoSuchMethodError'{0x00000000c353d108}: 'int java.lang.invoke.DirectMethodHandle$Holder.invokeInterface(java.lang.Object, java.lang.Object, java.lang.Object, java.lang.Object)'> (0x00000000c353d108) 
thrown [e:\jenkins\tmp\workspace\build\src\src\hotspot\share\interpreter\linkResolver.cpp, line 766]
Event: 8.541 Thread 0x0000025cf4fe45e0 Exception <a 'java/io/FileNotFoundException'{0x00000000c32170b0}> (0x00000000c32170b0) 
thrown [e:\jenkins\tmp\workspace\build\src\src\hotspot\share\prims\jni.cpp, line 516]

VM Operations (20 events):
Event: 6.850 Executing VM operation: HandshakeAllThreads done
Event: 7.019 Executing VM operation: HandshakeAllThreads
Event: 7.019 Executing VM operation: HandshakeAllThreads done
Event: 7.714 Executing VM operation: G1CollectForAllocation
Event: 7.724 Executing VM operation: G1CollectForAllocation done
Event: 7.728 Executing VM operation: G1CollectForAllocation
Event: 7.732 Executing VM operation: G1CollectForAllocation done
Event: 8.022 Executing VM operation: HandshakeAllThreads
Event: 8.022 Executing VM operation: HandshakeAllThreads done
Event: 8.100 Executing VM operation: G1CollectForAllocation
Event: 8.102 Executing VM operation: G1CollectForAllocation done
Event: 8.107 Executing VM operation: G1CollectForAllocation
Event: 8.109 Executing VM operation: G1CollectForAllocation done
Event: 8.396 Executing VM operation: HandshakeAllThreads
Event: 8.396 Executing VM operation: HandshakeAllThreads done
Event: 8.397 Executing VM operation: HandshakeAllThreads
Event: 8.397 Executing VM operation: HandshakeAllThreads done
Event: 8.555 Executing VM operation: HandshakeAllThreads
Event: 8.555 Executing VM operation: HandshakeAllThreads done
Event: 8.581 Executing VM operation: G1CollectForAllocation

Events (20 events):
Event: 8.556 loading class java/util/concurrent/ScheduledThreadPoolExecutor$ScheduledFutureTask done
Event: 8.556 loading class java/util/concurrent/Executors
Event: 8.556 loading class java/util/concurrent/Executors done
Event: 8.556 loading class java/util/concurrent/Executors$RunnableAdapter
Event: 8.556 loading class java/util/concurrent/Executors$RunnableAdapter done
Event: 8.556 loading class java/util/concurrent/ThreadPoolExecutor$Worker
Event: 8.557 loading class java/util/concurrent/ThreadPoolExecutor$Worker done
Event: 8.558 loading class java/lang/Thread$State
Event: 8.558 loading class java/lang/Thread$State done
Event: 8.558 Thread 0x0000025cf6e21150 Thread added: 0x0000025cf6e21150
Event: 8.559 loading class java/util/concurrent/TimeUnit$1
Event: 8.559 loading class java/util/concurrent/TimeUnit$1 done
Event: 8.567 Thread 0x0000025cf6eef6e0 Thread added: 0x0000025cf6eef6e0
Event: 8.569 loading class java/util/concurrent/locks/AbstractQueuedSynchronizer$ConditionNode
Event: 8.569 loading class java/util/concurrent/ForkJoinPool$ManagedBlocker
Event: 8.580 Thread 0x0000025cf4e45020 Thread added: 0x0000025cf4e45020
Event: 8.583 loading class java/util/concurrent/ForkJoinPool$ManagedBlocker done
Event: 8.583 loading class java/util/concurrent/locks/AbstractQueuedSynchronizer$Node
Event: 8.583 loading class java/util/concurrent/locks/AbstractQueuedSynchronizer$Node done
Event: 8.583 loading class java/util/concurrent/locks/AbstractQueuedSynchronizer$ConditionNode done


Dynamic libraries:
0x00007ff6e2990000 - 0x00007ff6e299e000 	C:\Users\Cesar Algusto\.p2\pool\plugins\org.eclipse.justj.openjdk.hotspot.jre.full.win32.x86_64_17.0.0.v20211012-1059\jre\bin\javaw.exe
0x00007fffe1dd0000 - 0x00007fffe1fc5000 	C:\Windows\SYSTEM32\ntdll.dll
0x00007fffe1ba0000 - 0x00007fffe1c5d000 	C:\Windows\System32\KERNEL32.DLL
0x00007fffdf670000 - 0x00007fffdf938000 	C:\Windows\System32\KERNELBASE.dll
0x00007fffdfab0000 - 0x00007fffdfbb0000 	C:\Windows\System32\ucrtbase.dll
0x00007fffc3ca0000 - 0x00007fffc3cb8000 	C:\Users\Cesar Algusto\.p2\pool\plugins\org.eclipse.justj.openjdk.hotspot.jre.full.win32.x86_64_17.0.0.v20211012-1059\jre\bin\jli.dll
0x00007fffdff90000 - 0x00007fffe0130000 	C:\Windows\System32\USER32.dll
0x00007fffdfa80000 - 0x00007fffdfaa2000 	C:\Windows\System32\win32u.dll
0x00007fffdfe30000 - 0x00007fffdfe5a000 	C:\Windows\System32\GDI32.dll
0x00007fffdf510000 - 0x00007fffdf61b000 	C:\Windows\System32\gdi32full.dll
0x00007fffdfbb0000 - 0x00007fffdfc4d000 	C:\Windows\System32\msvcp_win.dll
0x00007fffb7e80000 - 0x00007fffb7e99000 	C:\Users\Cesar Algusto\.p2\pool\plugins\org.eclipse.justj.openjdk.hotspot.jre.full.win32.x86_64_17.0.0.v20211012-1059\jre\bin\VCRUNTIME140.dll
0x00007fffcb360000 - 0x00007fffcb5fa000 	C:\Windows\WinSxS\amd64_microsoft.windows.common-controls_6595b64144ccf1df_6.0.19041.844_none_ca00b6081b84eb1d\COMCTL32.dll
0x00007fffe13e0000 - 0x00007fffe147e000 	C:\Windows\System32\msvcrt.dll
0x00007fffe0410000 - 0x00007fffe0440000 	C:\Windows\System32\IMM32.DLL
0x00007fffd2250000 - 0x00007fffd225c000 	C:\Users\Cesar Algusto\.p2\pool\plugins\org.eclipse.justj.openjdk.hotspot.jre.full.win32.x86_64_17.0.0.v20211012-1059\jre\bin\vcruntime140_1.dll
0x00007fffa3c30000 - 0x00007fffa3cc1000 	C:\Users\Cesar Algusto\.p2\pool\plugins\org.eclipse.justj.openjdk.hotspot.jre.full.win32.x86_64_17.0.0.v20211012-1059\jre\bin\msvcp140.dll
0x00007fffae830000 - 0x00007fffaf476000 	C:\Users\Cesar Algusto\.p2\pool\plugins\org.eclipse.justj.openjdk.hotspot.jre.full.win32.x86_64_17.0.0.v20211012-1059\jre\bin\server\jvm.dll
0x00007fffe1a20000 - 0x00007fffe1acc000 	C:\Windows\System32\ADVAPI32.dll
0x00007fffe1090000 - 0x00007fffe112b000 	C:\Windows\System32\sechost.dll
0x00007fffe01b0000 - 0x00007fffe02db000 	C:\Windows\System32\RPCRT4.dll
0x00007fffe0140000 - 0x00007fffe0148000 	C:\Windows\System32\PSAPI.DLL
0x00007fffdac20000 - 0x00007fffdac29000 	C:\Windows\SYSTEM32\WSOCK32.dll
0x00007fffdfe60000 - 0x00007fffdfecb000 	C:\Windows\System32\WS2_32.dll
0x00007fffc88e0000 - 0x00007fffc8907000 	C:\Windows\SYSTEM32\WINMM.dll
0x00007fffd0470000 - 0x00007fffd047a000 	C:\Windows\SYSTEM32\VERSION.dll
0x00007fffdd480000 - 0x00007fffdd492000 	C:\Windows\SYSTEM32\kernel.appcore.dll
0x00007fffdac10000 - 0x00007fffdac1a000 	C:\Users\Cesar Algusto\.p2\pool\plugins\org.eclipse.justj.openjdk.hotspot.jre.full.win32.x86_64_17.0.0.v20211012-1059\jre\bin\jimage.dll
0x00007fffd0690000 - 0x00007fffd0874000 	C:\Windows\SYSTEM32\DBGHELP.DLL
0x00007fffd0480000 - 0x00007fffd04ac000 	C:\Windows\SYSTEM32\dbgcore.DLL
0x00007fffdfc50000 - 0x00007fffdfcd0000 	C:\Windows\System32\bcryptPrimitives.dll
0x00007fffd5110000 - 0x00007fffd5135000 	C:\Users\Cesar Algusto\.p2\pool\plugins\org.eclipse.justj.openjdk.hotspot.jre.full.win32.x86_64_17.0.0.v20211012-1059\jre\bin\java.dll
0x00007fffd23b0000 - 0x00007fffd23c8000 	C:\Users\Cesar Algusto\.p2\pool\plugins\org.eclipse.justj.openjdk.hotspot.jre.full.win32.x86_64_17.0.0.v20211012-1059\jre\bin\zip.dll
0x00007fffe0440000 - 0x00007fffe0b82000 	C:\Windows\System32\SHELL32.dll
0x00007fffdd680000 - 0x00007fffdde10000 	C:\Windows\SYSTEM32\windows.storage.dll
0x00007fffe0b90000 - 0x00007fffe0ee5000 	C:\Windows\System32\combase.dll
0x00007fffdef80000 - 0x00007fffdefac000 	C:\Windows\SYSTEM32\Wldp.dll
0x00007fffe0360000 - 0x00007fffe040e000 	C:\Windows\System32\SHCORE.dll
0x00007fffdfed0000 - 0x00007fffdff25000 	C:\Windows\System32\shlwapi.dll
0x00007fffdf450000 - 0x00007fffdf46f000 	C:\Windows\SYSTEM32\profapi.dll
0x00007fffd2390000 - 0x00007fffd23a9000 	C:\Users\Cesar Algusto\.p2\pool\plugins\org.eclipse.justj.openjdk.hotspot.jre.full.win32.x86_64_17.0.0.v20211012-1059\jre\bin\net.dll
0x00007fffd8f70000 - 0x00007fffd907b000 	C:\Windows\SYSTEM32\WINHTTP.dll
0x00007fffdecf0000 - 0x00007fffded5a000 	C:\Windows\system32\mswsock.dll
0x00007fffd2370000 - 0x00007fffd2385000 	C:\Users\Cesar Algusto\.p2\pool\plugins\org.eclipse.justj.openjdk.hotspot.jre.full.win32.x86_64_17.0.0.v20211012-1059\jre\bin\nio.dll
0x00007fffdac00000 - 0x00007fffdac10000 	C:\Users\Cesar Algusto\.p2\pool\plugins\org.eclipse.justj.openjdk.hotspot.jre.full.win32.x86_64_17.0.0.v20211012-1059\jre\bin\verify.dll
0x00007fffd2340000 - 0x00007fffd2349000 	C:\Users\Cesar Algusto\.p2\pool\plugins\org.eclipse.justj.openjdk.hotspot.jre.full.win32.x86_64_17.0.0.v20211012-1059\jre\bin\management.dll
0x00007fffd2270000 - 0x00007fffd227b000 	C:\Users\Cesar Algusto\.p2\pool\plugins\org.eclipse.justj.openjdk.hotspot.jre.full.win32.x86_64_17.0.0.v20211012-1059\jre\bin\management_ext.dll
0x00007fffcd4e0000 - 0x00007fffcd4f7000 	C:\Windows\system32\napinsp.dll
0x00007fffcd4c0000 - 0x00007fffcd4db000 	C:\Windows\system32\pnrpnsp.dll
0x00007fffcd4a0000 - 0x00007fffcd4b5000 	C:\Windows\system32\wshbth.dll
0x00007fffdaf80000 - 0x00007fffdaf9d000 	C:\Windows\system32\NLAapi.dll
0x00007fffde990000 - 0x00007fffde9cb000 	C:\Windows\SYSTEM32\IPHLPAPI.DLL
0x00007fffde9d0000 - 0x00007fffdea9c000 	C:\Windows\SYSTEM32\DNSAPI.dll
0x00007fffe0130000 - 0x00007fffe0138000 	C:\Windows\System32\NSI.dll
0x00007fffcd480000 - 0x00007fffcd492000 	C:\Windows\System32\winrnr.dll
0x00007fffd42d0000 - 0x00007fffd42da000 	C:\Windows\System32\rasadhlp.dll
0x00007fffd4080000 - 0x00007fffd40ff000 	C:\Windows\System32\fwpuclnt.dll
0x00007fffdf9f0000 - 0x00007fffdfa17000 	C:\Windows\System32\bcrypt.dll
0x00007fffdeec0000 - 0x00007fffdeed8000 	C:\Windows\SYSTEM32\CRYPTSP.dll
0x00007fffde620000 - 0x00007fffde654000 	C:\Windows\system32\rsaenh.dll
0x00007fffdf3d0000 - 0x00007fffdf3fe000 	C:\Windows\SYSTEM32\USERENV.dll
0x00007fffdeee0000 - 0x00007fffdeeec000 	C:\Windows\SYSTEM32\CRYPTBASE.dll
0x00007fffd8cb0000 - 0x00007fffd8cc7000 	C:\Windows\SYSTEM32\dhcpcsvc6.DLL
0x00007fffd7ac0000 - 0x00007fffd7add000 	C:\Windows\SYSTEM32\dhcpcsvc.DLL

dbghelp: loaded successfully - version: 4.0.5 - missing functions: none
symbol engine: initialized successfully - sym options: 0x614 - pdb path: .;C:\Users\Cesar Algusto\.p2\pool\plugins\org.eclipse.justj.openjdk.hotspot.jre.full.win32.x86_64_17.0.0.v20211012-1059\jre\bin;C:\Windows\SYSTEM32;C:\Windows\WinSxS\amd64_microsoft.windows.common-controls_6595b64144ccf1df_6.0.19041.844_none_ca00b6081b84eb1d;C:\Users\Cesar Algusto\.p2\pool\plugins\org.eclipse.justj.openjdk.hotspot.jre.full.win32.x86_64_17.0.0.v20211012-1059\jre\bin\server

VM Arguments:
jvm_args: -Dfile.encoding=UTF-8 -XX:+ShowCodeDetailsInExceptionMessages 
java_command: com.AppRH.AppRH.AppRhApplication
java_class_path (initial): D:\Lições UC12\AppRH\AppRH\target\classes;C:\Users\Cesar Algusto\.m2\repository\org\springframework\boot\spring-boot-starter-data-jpa\2.6.2\spring-boot-starter-data-jpa-2.6.2.jar;C:\Users\Cesar Algusto\.m2\repository\org\springframework\boot\spring-boot-starter-aop\2.6.2\spring-boot-starter-aop-2.6.2.jar;C:\Users\Cesar Algusto\.m2\repository\org\springframework\spring-aop\5.3.14\spring-aop-5.3.14.jar;C:\Users\Cesar Algusto\.m2\repository\org\aspectj\aspectjweaver\1.9.7\aspectjweaver-1.9.7.jar;C:\Users\Cesar Algusto\.m2\repository\org\springframework\boot\spring-boot-starter-jdbc\2.6.2\spring-boot-starter-jdbc-2.6.2.jar;C:\Users\Cesar Algusto\.m2\repository\com\zaxxer\HikariCP\4.0.3\HikariCP-4.0.3.jar;C:\Users\Cesar Algusto\.m2\repository\org\springframework\spring-jdbc\5.3.14\spring-jdbc-5.3.14.jar;C:\Users\Cesar Algusto\.m2\repository\jakarta\transaction\jakarta.transaction-api\1.3.3\jakarta.transaction-api-1.3.3.jar;C:\Users\Cesar Algusto\.m2\repository\jakarta\persistence\jakarta.persistence-api\2.2.3\jakarta.persistence-api-2.2.3.jar;C:\Users\Cesar Algusto\.m2\repository\org\hibernate\hibernate-core\5.6.3.Final\hibernate-core-5.6.3.Final.jar;C:\Users\Cesar Algusto\.m2\repository\org\jboss\logging\jboss-logging\3.4.2.Final\jboss-logging-3.4.2.Final.jar;C:\Users\Cesar Algusto\.m2\repository\net\bytebuddy\byte-buddy\1.11.22\byte-buddy-1.11.22.jar;C:\Users\Cesar Algusto\.m2\repository\antlr\antlr\2.7.7\antlr-2.7.7.jar;C:\Users\Cesar Algusto\.m2\repository\org\jboss\jandex\2.2.3.Final\jandex-2.2.3.Final.jar;C:\Users\Cesar Algusto\.m2\repository\com\fasterxml\classmate\1.5.1\classmate-1.5.1.jar;C:\Users\Cesar Algusto\.m2\repository\org\hibernate\common\hibernate-commons-annotations\5.1.2.Final\hibernate-commons-annotations-5.1.2.Final.jar;C:\Users\Cesar Algusto\.m2\repository\org\glassfish\jaxb\jaxb-runtime\2.3.5\jaxb-runtime-2.3.5.jar;C:\Users\Cesar Algusto\.m2\repository\org\glassfish\jaxb\txw2\2.3.5\txw2-2.3.5.jar;C:\Users\Cesar Algusto
Launcher Type: SUN_STANDARD

[Global flags]
     intx CICompilerCount                          = 2                                         {product} {ergonomic}
     uint ConcGCThreads                            = 1                                         {product} {ergonomic}
     uint G1ConcRefinementThreads                  = 2                                         {product} {ergonomic}
   size_t G1HeapRegionSize                         = 1048576                                   {product} {ergonomic}
    uintx GCDrainStackTargetSize                   = 64                                        {product} {ergonomic}
   size_t InitialHeapSize                          = 67108864                                  {product} {ergonomic}
   size_t MarkStackSize                            = 4194304                                   {product} {ergonomic}
   size_t MaxHeapSize                              = 1044381696                                {product} {ergonomic}
   size_t MaxNewSize                               = 625999872                                 {product} {ergonomic}
   size_t MinHeapDeltaBytes                        = 1048576                                   {product} {ergonomic}
   size_t MinHeapSize                              = 8388608                                   {product} {ergonomic}
    uintx NonNMethodCodeHeapSize                   = 5826188                                {pd product} {ergonomic}
    uintx NonProfiledCodeHeapSize                  = 122916026                              {pd product} {ergonomic}
    uintx ProfiledCodeHeapSize                     = 122916026                              {pd product} {ergonomic}
    uintx ReservedCodeCacheSize                    = 251658240                              {pd product} {ergonomic}
     bool SegmentedCodeCache                       = true                                      {product} {ergonomic}
     bool ShowCodeDetailsInExceptionMessages       = true                                   {manageable} {command line}
   size_t SoftMaxHeapSize                          = 1044381696                             {manageable} {ergonomic}
     bool UseCompressedClassPointers               = true                           {product lp64_product} {ergonomic}
     bool UseCompressedOops                        = true                           {product lp64_product} {ergonomic}
     bool UseG1GC                                  = true                                      {product} {ergonomic}
     bool UseLargePagesIndividualAllocation        = false                                  {pd product} {ergonomic}

Logging:
Log output configuration:
 #0: stdout all=warning uptime,level,tags
 #1: stderr all=off uptime,level,tags

Environment Variables:
PATH=C:/Users/Cesar Algusto/.p2/pool/plugins/org.eclipse.justj.openjdk.hotspot.jre.full.win32.x86_64_17.0.0.v20211012-1059/jre/bin/server;C:/Users/Cesar Algusto/.p2/pool/plugins/org.eclipse.justj.openjdk.hotspot.jre.full.win32.x86_64_17.0.0.v20211012-1059/jre/bin;C:\Program Files (x86)\Common Files\Oracle\Java\javapath;C:\Windows\system32;C:\Windows;C:\Windows\System32\Wbem;C:\Windows\System32\WindowsPowerShell\v1.0\;C:\Windows\System32\OpenSSH\;C:\Program Files\MySQL\MySQL Shell 8.0\bin\;C:\Users\Cesar Algusto\AppData\Local\Microsoft\WindowsApps;;C:\Users\Cesar Algusto\AppData\Local\Programs\Microsoft VS Code\bin;C:\Windows\system32;
USERNAME=Cesar Algusto
OS=Windows_NT
PROCESSOR_IDENTIFIER=Intel64 Family 6 Model 58 Stepping 9, GenuineIntel



---------------  S Y S T E M  ---------------

OS:
 Windows 10 , 64 bit Build 19041 (10.0.19041.928)
OS uptime: 0 days 4:44 hours

CPU: total 2 (initial active 2) (2 cores per cpu, 1 threads per core) family 6 model 58 stepping 9 microcode 0x21, cx8, cmov, fxsr, mmx, sse, sse2, sse3, ssse3, sse4.1, sse4.2, popcnt, tsc, tscinvbit, erms, clmul, clflush

Memory: 4k page, system-wide physical 3977M (311M free)
TotalPageFile size 3977M (AvailPageFile size 67M)
current process WorkingSet (physical memory assigned to process): 153M, peak: 156M
current process commit charge ("private bytes"): 196M, peak: 264M

vm_info: OpenJDK 64-Bit Server VM (17+35) for windows-amd64 JRE (17+35), built on Sep 14 2021 17:27:39 by "" with MS VC++ 16.7 (VS2019)

END.
