#
# There is insufficient memory for the Java Runtime Environment to continue.
# Native memory allocation (malloc) failed to allocate 1422272 bytes for Chunk::new
# Possible reasons:
#   The system is out of physical RAM or swap space
#   The process is running with CompressedOops enabled, and the Java Heap may be blocking the growth of the native heap
# Possible solutions:
#   Reduce memory load on the system
#   Increase physical memory or swap space
#   Check if swap backing store is full
#   Decrease Java heap size (-Xmx/-Xms)
#   Decrease number of Java threads
#   Decrease Java thread stack sizes (-Xss)
#   Set larger code cache with -XX:ReservedCodeCacheSize=
#   JVM is running with Unscaled Compressed Oops mode in which the Java heap is
#     placed in the first 4GB address space. The Java Heap base address is the
#     maximum limit for the native heap growth. Please use -XX:HeapBaseMinAddress
#     to set the Java Heap base and to place the Java Heap above 4GB virtual address.
# This output file may be truncated or incomplete.
#
#  Out of Memory Error (arena.cpp:189), pid=3012, tid=3224
#
# JRE version: OpenJDK Runtime Environment Temurin-17+35 (17.0+35) (build 17+35)
# Java VM: OpenJDK 64-Bit Server VM Temurin-17+35 (17+35, mixed mode, tiered, compressed oops, compressed class ptrs, g1 gc, windows-amd64)
# No core dump will be written. Minidumps are not enabled by default on client versions of Windows
#

---------------  S U M M A R Y ------------

Command Line: -Dfile.encoding=UTF-8 -XX:+ShowCodeDetailsInExceptionMessages com.AppRH.AppRH.AppRhApplication

Host: Intel(R) Pentium(R) CPU G2030 @ 3.00GHz, 2 cores, 3G,  Windows 10 , 64 bit Build 19041 (10.0.19041.928)
Time: Thu Dec 30 15:33:48 2021 Hora oficial do Brasil elapsed time: 3.061142 seconds (0d 0h 0m 3s)

---------------  T H R E A D  ---------------

Current thread (0x000001c9c214ca40):  JavaThread "C2 CompilerThread0" daemon [_thread_in_native, id=3224, stack(0x000000a389700000,0x000000a389800000)]


Current CompileTask:
C2:   3061 2120   !   4       java.net.URL::<init> (543 bytes)

Stack: [0x000000a389700000,0x000000a389800000]
Native frames: (J=compiled Java code, j=interpreted, Vv=VM code, C=native code)
V  [jvm.dll+0x674afa]
V  [jvm.dll+0x82eb44]
V  [jvm.dll+0x8302ee]
V  [jvm.dll+0x830953]
V  [jvm.dll+0x245335]
V  [jvm.dll+0xab52b]
V  [jvm.dll+0xababc]
V  [jvm.dll+0x3632f7]
V  [jvm.dll+0x32d6c1]
V  [jvm.dll+0x32cb6a]
V  [jvm.dll+0x2181f1]
V  [jvm.dll+0x217611]
V  [jvm.dll+0x1a356d]
V  [jvm.dll+0x226ff8]
V  [jvm.dll+0x22513c]
V  [jvm.dll+0x7e47fb]
V  [jvm.dll+0x7dedba]
V  [jvm.dll+0x673925]
C  [ucrtbase.dll+0x21bb2]
C  [KERNEL32.DLL+0x17034]
C  [ntdll.dll+0x52651]


---------------  P R O C E S S  ---------------

Threads class SMR info:
_java_thread_list=0x000001c9c4aee560, length=14, elements={
0x000001c9ab599d00, 0x000001c9ab66cbc0, 0x000001c9ab66e160, 0x000001c9c212ebb0,
0x000001c9c2130480, 0x000001c9c21457c0, 0x000001c9c21493a0, 0x000001c9c214ca40,
0x000001c9c214dc80, 0x000001c9c2162e10, 0x000001c9c2d1c640, 0x000001c9c2d3f9f0,
0x000001c9c3489460, 0x000001c9c33ed260
}

Java Threads: ( => current thread )
  0x000001c9ab599d00 JavaThread "main" [_thread_blocked, id=5604, stack(0x000000a388a00000,0x000000a388b00000)]
  0x000001c9ab66cbc0 JavaThread "Reference Handler" daemon [_thread_blocked, id=3972, stack(0x000000a389100000,0x000000a389200000)]
  0x000001c9ab66e160 JavaThread "Finalizer" daemon [_thread_blocked, id=4496, stack(0x000000a389200000,0x000000a389300000)]
  0x000001c9c212ebb0 JavaThread "Signal Dispatcher" daemon [_thread_blocked, id=2200, stack(0x000000a389300000,0x000000a389400000)]
  0x000001c9c2130480 JavaThread "Attach Listener" daemon [_thread_blocked, id=6152, stack(0x000000a389400000,0x000000a389500000)]
  0x000001c9c21457c0 JavaThread "Service Thread" daemon [_thread_blocked, id=6804, stack(0x000000a389500000,0x000000a389600000)]
  0x000001c9c21493a0 JavaThread "Monitor Deflation Thread" daemon [_thread_blocked, id=4460, stack(0x000000a389600000,0x000000a389700000)]
=>0x000001c9c214ca40 JavaThread "C2 CompilerThread0" daemon [_thread_in_native, id=3224, stack(0x000000a389700000,0x000000a389800000)]
  0x000001c9c214dc80 JavaThread "C1 CompilerThread0" daemon [_thread_blocked, id=1460, stack(0x000000a389800000,0x000000a389900000)]
  0x000001c9c2162e10 JavaThread "Sweeper thread" daemon [_thread_blocked, id=2384, stack(0x000000a389900000,0x000000a389a00000)]
  0x000001c9c2d1c640 JavaThread "Notification Thread" daemon [_thread_blocked, id=5580, stack(0x000000a389a00000,0x000000a389b00000)]
  0x000001c9c2d3f9f0 JavaThread "Common-Cleaner" daemon [_thread_blocked, id=2256, stack(0x000000a389c00000,0x000000a389d00000)]
  0x000001c9c3489460 JavaThread "Thread-0" [_thread_blocked, id=5040, stack(0x000000a389e00000,0x000000a389f00000)]
  0x000001c9c33ed260 JavaThread "restartedMain" [_thread_in_Java, id=7004, stack(0x000000a389f00000,0x000000a38a000000)]

Other Threads:
  0x000001c9c21116e0 VMThread "VM Thread" [stack: 0x000000a389000000,0x000000a389100000] [id=6176]
  0x000001c9ab5d9700 WatcherThread [stack: 0x000000a389b00000,0x000000a389c00000] [id=4872]
  0x000001c9ab5c4da0 GCTaskThread "GC Thread#0" [stack: 0x000000a388b00000,0x000000a388c00000] [id=528]
  0x000001c9c3131410 GCTaskThread "GC Thread#1" [stack: 0x000000a389d00000,0x000000a389e00000] [id=4868]
  0x000001c9ab5d2130 ConcurrentGCThread "G1 Main Marker" [stack: 0x000000a388c00000,0x000000a388d00000] [id=1332]
  0x000001c9ab5d2b40 ConcurrentGCThread "G1 Conc#0" [stack: 0x000000a388d00000,0x000000a388e00000] [id=4520]
  0x000001c9ab61c760 ConcurrentGCThread "G1 Refine#0" [stack: 0x000000a388e00000,0x000000a388f00000] [id=3872]
  0x000001c9ab61d180 ConcurrentGCThread "G1 Service" [stack: 0x000000a388f00000,0x000000a389000000] [id=5932]

Threads with active compile tasks:
C2 CompilerThread0     3146 2120   !   4       java.net.URL::<init> (543 bytes)

VM state: not at safepoint (normal execution)

VM Mutex/Monitor currently owned by a thread: None

Heap address: 0x00000000c1c00000, size: 996 MB, Compressed Oops mode: 32-bit

CDS archive(s) not mapped
Compressed class space mapped at: 0x0000000100000000-0x0000000140000000, reserved size: 1073741824
Narrow klass base: 0x0000000000000000, Narrow klass shift: 3, Narrow klass range: 0x140000000

GC Precious Log:
 CPUs: 2 total, 2 available
 Memory: 3977M
 Large Page Support: Disabled
 NUMA Support: Disabled
 Compressed Oops: Enabled (32-bit)
 Heap Region Size: 1M
 Heap Min Capacity: 8M
 Heap Initial Capacity: 64M
 Heap Max Capacity: 996M
 Pre-touch: Disabled
 Parallel Workers: 2
 Concurrent Workers: 1
 Concurrent Refinement Workers: 2
 Periodic GC: Disabled

Heap:
 garbage-first heap   total 79872K, used 22546K [0x00000000c1c00000, 0x0000000100000000)
  region size 1024K, 15 young (15360K), 1 survivors (1024K)
 Metaspace       used 25282K, committed 25472K, reserved 1073152K
  class space    used 2776K, committed 2880K, reserved 1048576K

Heap Regions: E=young(eden), S=young(survivor), O=old, HS=humongous(starts), HC=humongous(continues), CS=collection set, F=free, OA=open archive, CA=closed archive, TAMS=top-at-mark-start (previous, next)
|   0|0x00000000c1c00000, 0x00000000c1d00000, 0x00000000c1d00000|100%|HS|  |TAMS 0x00000000c1d00000, 0x00000000c1c00000| Complete 
|   1|0x00000000c1d00000, 0x00000000c1e00000, 0x00000000c1e00000|100%| O|  |TAMS 0x00000000c1e00000, 0x00000000c1d00000| Untracked 
|   2|0x00000000c1e00000, 0x00000000c1f00000, 0x00000000c1f00000|100%| O|  |TAMS 0x00000000c1f00000, 0x00000000c1e00000| Untracked 
|   3|0x00000000c1f00000, 0x00000000c2000000, 0x00000000c2000000|100%| O|  |TAMS 0x00000000c2000000, 0x00000000c1f00000| Untracked 
|   4|0x00000000c2000000, 0x00000000c2100000, 0x00000000c2100000|100%| O|  |TAMS 0x00000000c2100000, 0x00000000c2000000| Untracked 
|   5|0x00000000c2100000, 0x00000000c215f400, 0x00000000c2200000| 37%| O|  |TAMS 0x00000000c215f400, 0x00000000c2100000| Untracked 
|   6|0x00000000c2200000, 0x00000000c2300000, 0x00000000c2300000|100%| O|  |TAMS 0x00000000c2200000, 0x00000000c2200000| Untracked 
|   7|0x00000000c2300000, 0x00000000c2400000, 0x00000000c2400000|100%| O|  |TAMS 0x00000000c2300000, 0x00000000c2300000| Untracked 
|   8|0x00000000c2400000, 0x00000000c24c5000, 0x00000000c2500000| 76%| O|  |TAMS 0x00000000c2400000, 0x00000000c2400000| Untracked 
|   9|0x00000000c2500000, 0x00000000c2500000, 0x00000000c2600000|  0%| F|  |TAMS 0x00000000c2500000, 0x00000000c2500000| Untracked 
|  10|0x00000000c2600000, 0x00000000c2600000, 0x00000000c2700000|  0%| F|  |TAMS 0x00000000c2600000, 0x00000000c2600000| Untracked 
|  11|0x00000000c2700000, 0x00000000c2700000, 0x00000000c2800000|  0%| F|  |TAMS 0x00000000c2700000, 0x00000000c2700000| Untracked 
|  12|0x00000000c2800000, 0x00000000c2800000, 0x00000000c2900000|  0%| F|  |TAMS 0x00000000c2800000, 0x00000000c2800000| Untracked 
|  13|0x00000000c2900000, 0x00000000c2900000, 0x00000000c2a00000|  0%| F|  |TAMS 0x00000000c2900000, 0x00000000c2900000| Untracked 
|  14|0x00000000c2a00000, 0x00000000c2a00000, 0x00000000c2b00000|  0%| F|  |TAMS 0x00000000c2a00000, 0x00000000c2a00000| Untracked 
|  15|0x00000000c2b00000, 0x00000000c2b00000, 0x00000000c2c00000|  0%| F|  |TAMS 0x00000000c2b00000, 0x00000000c2b00000| Untracked 
|  16|0x00000000c2c00000, 0x00000000c2ce05c0, 0x00000000c2d00000| 87%| S|CS|TAMS 0x00000000c2c00000, 0x00000000c2c00000| Complete 
|  17|0x00000000c2d00000, 0x00000000c2d00000, 0x00000000c2e00000|  0%| F|  |TAMS 0x00000000c2d00000, 0x00000000c2d00000| Untracked 
|  18|0x00000000c2e00000, 0x00000000c2e00000, 0x00000000c2f00000|  0%| F|  |TAMS 0x00000000c2e00000, 0x00000000c2e00000| Untracked 
|  19|0x00000000c2f00000, 0x00000000c2f00000, 0x00000000c3000000|  0%| F|  |TAMS 0x00000000c2f00000, 0x00000000c2f00000| Untracked 
|  20|0x00000000c3000000, 0x00000000c3000000, 0x00000000c3100000|  0%| F|  |TAMS 0x00000000c3000000, 0x00000000c3000000| Untracked 
|  21|0x00000000c3100000, 0x00000000c3100000, 0x00000000c3200000|  0%| F|  |TAMS 0x00000000c3100000, 0x00000000c3100000| Untracked 
|  22|0x00000000c3200000, 0x00000000c3200000, 0x00000000c3300000|  0%| F|  |TAMS 0x00000000c3200000, 0x00000000c3200000| Untracked 
|  23|0x00000000c3300000, 0x00000000c3300000, 0x00000000c3400000|  0%| F|  |TAMS 0x00000000c3300000, 0x00000000c3300000| Untracked 
|  24|0x00000000c3400000, 0x00000000c3400000, 0x00000000c3500000|  0%| F|  |TAMS 0x00000000c3400000, 0x00000000c3400000| Untracked 
|  25|0x00000000c3500000, 0x00000000c3500000, 0x00000000c3600000|  0%| F|  |TAMS 0x00000000c3500000, 0x00000000c3500000| Untracked 
|  26|0x00000000c3600000, 0x00000000c3600000, 0x00000000c3700000|  0%| F|  |TAMS 0x00000000c3600000, 0x00000000c3600000| Untracked 
|  27|0x00000000c3700000, 0x00000000c3700000, 0x00000000c3800000|  0%| F|  |TAMS 0x00000000c3700000, 0x00000000c3700000| Untracked 
|  28|0x00000000c3800000, 0x00000000c3800000, 0x00000000c3900000|  0%| F|  |TAMS 0x00000000c3800000, 0x00000000c3800000| Untracked 
|  29|0x00000000c3900000, 0x00000000c3900000, 0x00000000c3a00000|  0%| F|  |TAMS 0x00000000c3900000, 0x00000000c3900000| Untracked 
|  30|0x00000000c3a00000, 0x00000000c3a00000, 0x00000000c3b00000|  0%| F|  |TAMS 0x00000000c3a00000, 0x00000000c3a00000| Untracked 
|  31|0x00000000c3b00000, 0x00000000c3b00000, 0x00000000c3c00000|  0%| F|  |TAMS 0x00000000c3b00000, 0x00000000c3b00000| Untracked 
|  32|0x00000000c3c00000, 0x00000000c3c00000, 0x00000000c3d00000|  0%| F|  |TAMS 0x00000000c3c00000, 0x00000000c3c00000| Untracked 
|  33|0x00000000c3d00000, 0x00000000c3d00000, 0x00000000c3e00000|  0%| F|  |TAMS 0x00000000c3d00000, 0x00000000c3d00000| Untracked 
|  34|0x00000000c3e00000, 0x00000000c3e00000, 0x00000000c3f00000|  0%| F|  |TAMS 0x00000000c3e00000, 0x00000000c3e00000| Untracked 
|  35|0x00000000c3f00000, 0x00000000c3f00000, 0x00000000c4000000|  0%| F|  |TAMS 0x00000000c3f00000, 0x00000000c3f00000| Untracked 
|  36|0x00000000c4000000, 0x00000000c4000000, 0x00000000c4100000|  0%| F|  |TAMS 0x00000000c4000000, 0x00000000c4000000| Untracked 
|  37|0x00000000c4100000, 0x00000000c4100000, 0x00000000c4200000|  0%| F|  |TAMS 0x00000000c4100000, 0x00000000c4100000| Untracked 
|  38|0x00000000c4200000, 0x00000000c4200000, 0x00000000c4300000|  0%| F|  |TAMS 0x00000000c4200000, 0x00000000c4200000| Untracked 
|  39|0x00000000c4300000, 0x00000000c4300000, 0x00000000c4400000|  0%| F|  |TAMS 0x00000000c4300000, 0x00000000c4300000| Untracked 
|  40|0x00000000c4400000, 0x00000000c4400000, 0x00000000c4500000|  0%| F|  |TAMS 0x00000000c4400000, 0x00000000c4400000| Untracked 
|  41|0x00000000c4500000, 0x00000000c4500000, 0x00000000c4600000|  0%| F|  |TAMS 0x00000000c4500000, 0x00000000c4500000| Untracked 
|  42|0x00000000c4600000, 0x00000000c4600000, 0x00000000c4700000|  0%| F|  |TAMS 0x00000000c4600000, 0x00000000c4600000| Untracked 
|  43|0x00000000c4700000, 0x00000000c4700000, 0x00000000c4800000|  0%| F|  |TAMS 0x00000000c4700000, 0x00000000c4700000| Untracked 
|  44|0x00000000c4800000, 0x00000000c4800000, 0x00000000c4900000|  0%| F|  |TAMS 0x00000000c4800000, 0x00000000c4800000| Untracked 
|  45|0x00000000c4900000, 0x00000000c4900000, 0x00000000c4a00000|  0%| F|  |TAMS 0x00000000c4900000, 0x00000000c4900000| Untracked 
|  46|0x00000000c4a00000, 0x00000000c4a00000, 0x00000000c4b00000|  0%| F|  |TAMS 0x00000000c4a00000, 0x00000000c4a00000| Untracked 
|  47|0x00000000c4b00000, 0x00000000c4b00000, 0x00000000c4c00000|  0%| F|  |TAMS 0x00000000c4b00000, 0x00000000c4b00000| Untracked 
|  48|0x00000000c4c00000, 0x00000000c4c00000, 0x00000000c4d00000|  0%| F|  |TAMS 0x00000000c4c00000, 0x00000000c4c00000| Untracked 
|  49|0x00000000c4d00000, 0x00000000c4d00000, 0x00000000c4e00000|  0%| F|  |TAMS 0x00000000c4d00000, 0x00000000c4d00000| Untracked 
|  50|0x00000000c4e00000, 0x00000000c4e00000, 0x00000000c4f00000|  0%| F|  |TAMS 0x00000000c4e00000, 0x00000000c4e00000| Untracked 
|  51|0x00000000c4f00000, 0x00000000c4f00000, 0x00000000c5000000|  0%| F|  |TAMS 0x00000000c4f00000, 0x00000000c4f00000| Untracked 
|  52|0x00000000c5000000, 0x00000000c5000000, 0x00000000c5100000|  0%| F|  |TAMS 0x00000000c5000000, 0x00000000c5000000| Untracked 
|  53|0x00000000c5100000, 0x00000000c5100000, 0x00000000c5200000|  0%| F|  |TAMS 0x00000000c5100000, 0x00000000c5100000| Untracked 
|  54|0x00000000c5200000, 0x00000000c5200000, 0x00000000c5300000|  0%| F|  |TAMS 0x00000000c5200000, 0x00000000c5200000| Untracked 
|  55|0x00000000c5300000, 0x00000000c5300000, 0x00000000c5400000|  0%| F|  |TAMS 0x00000000c5300000, 0x00000000c5300000| Untracked 
|  56|0x00000000c5400000, 0x00000000c5400000, 0x00000000c5500000|  0%| F|  |TAMS 0x00000000c5400000, 0x00000000c5400000| Untracked 
|  57|0x00000000c5500000, 0x00000000c5500000, 0x00000000c5600000|  0%| F|  |TAMS 0x00000000c5500000, 0x00000000c5500000| Untracked 
|  58|0x00000000c5600000, 0x00000000c5600000, 0x00000000c5700000|  0%| F|  |TAMS 0x00000000c5600000, 0x00000000c5600000| Untracked 
|  59|0x00000000c5700000, 0x00000000c5700000, 0x00000000c5800000|  0%| F|  |TAMS 0x00000000c5700000, 0x00000000c5700000| Untracked 
|  60|0x00000000c5800000, 0x00000000c5800000, 0x00000000c5900000|  0%| F|  |TAMS 0x00000000c5800000, 0x00000000c5800000| Untracked 
|  61|0x00000000c5900000, 0x00000000c5900000, 0x00000000c5a00000|  0%| F|  |TAMS 0x00000000c5900000, 0x00000000c5900000| Untracked 
|  62|0x00000000c5a00000, 0x00000000c5a00000, 0x00000000c5b00000|  0%| F|  |TAMS 0x00000000c5a00000, 0x00000000c5a00000| Untracked 
|  63|0x00000000c5b00000, 0x00000000c5b00000, 0x00000000c5c00000|  0%| F|  |TAMS 0x00000000c5b00000, 0x00000000c5b00000| Untracked 
|  64|0x00000000c5c00000, 0x00000000c5c80be8, 0x00000000c5d00000| 50%| E|  |TAMS 0x00000000c5c00000, 0x00000000c5c00000| Complete 
|  65|0x00000000c5d00000, 0x00000000c5e00000, 0x00000000c5e00000|100%| E|CS|TAMS 0x00000000c5d00000, 0x00000000c5d00000| Complete 
|  66|0x00000000c5e00000, 0x00000000c5f00000, 0x00000000c5f00000|100%| E|CS|TAMS 0x00000000c5e00000, 0x00000000c5e00000| Complete 
|  67|0x00000000c5f00000, 0x00000000c6000000, 0x00000000c6000000|100%| E|CS|TAMS 0x00000000c5f00000, 0x00000000c5f00000| Complete 
|  68|0x00000000c6000000, 0x00000000c6100000, 0x00000000c6100000|100%| E|CS|TAMS 0x00000000c6000000, 0x00000000c6000000| Complete 
|  69|0x00000000c6100000, 0x00000000c6200000, 0x00000000c6200000|100%| E|CS|TAMS 0x00000000c6100000, 0x00000000c6100000| Complete 
|  70|0x00000000c6200000, 0x00000000c6300000, 0x00000000c6300000|100%| E|CS|TAMS 0x00000000c6200000, 0x00000000c6200000| Complete 
|  71|0x00000000c6300000, 0x00000000c6400000, 0x00000000c6400000|100%| E|CS|TAMS 0x00000000c6300000, 0x00000000c6300000| Complete 
|  72|0x00000000c6400000, 0x00000000c6500000, 0x00000000c6500000|100%| E|CS|TAMS 0x00000000c6400000, 0x00000000c6400000| Complete 
|  73|0x00000000c6500000, 0x00000000c6600000, 0x00000000c6600000|100%| E|CS|TAMS 0x00000000c6500000, 0x00000000c6500000| Complete 
|  74|0x00000000c6600000, 0x00000000c6700000, 0x00000000c6700000|100%| E|CS|TAMS 0x00000000c6600000, 0x00000000c6600000| Complete 
|  75|0x00000000c6700000, 0x00000000c6800000, 0x00000000c6800000|100%| E|CS|TAMS 0x00000000c6700000, 0x00000000c6700000| Complete 
|  76|0x00000000c6800000, 0x00000000c6900000, 0x00000000c6900000|100%| E|CS|TAMS 0x00000000c6800000, 0x00000000c6800000| Complete 
|  77|0x00000000c6900000, 0x00000000c6a00000, 0x00000000c6a00000|100%| E|CS|TAMS 0x00000000c6900000, 0x00000000c6900000| Complete 

Card table byte_map: [0x000001c9ab370000,0x000001c9ab570000] _byte_map_base: 0x000001c9aad62000

Marking Bits (Prev, Next): (CMBitMap*) 0x000001c9ab5c53f0, (CMBitMap*) 0x000001c9ab5c53b0
 Prev Bits: [0x000001c9bedd0000, 0x000001c9bfd60000)
 Next Bits: [0x000001c9bde40000, 0x000001c9bedd0000)

Polling page: 0x000001c9a9490000

Metaspace:

Usage:
  Non-class:     21.98 MB used.
      Class:      2.71 MB used.
       Both:     24.69 MB used.

Virtual space:
  Non-class space:       24.00 MB reserved,      22.06 MB ( 92%) committed,  3 nodes.
      Class space:        1.00 GB reserved,       2.81 MB ( <1%) committed,  1 nodes.
             Both:        1.02 GB reserved,      24.88 MB (  2%) committed. 

Chunk freelists:
   Non-Class:  1.95 MB
       Class:  1.14 MB
        Both:  3.09 MB

MaxMetaspaceSize: unlimited
CompressedClassSpaceSize: 1.00 GB
Initial GC threshold: 21.00 MB
Current GC threshold: 35.12 MB
CDS: off
MetaspaceReclaimPolicy: balanced
 - commit_granule_bytes: 65536.
 - commit_granule_words: 8192.
 - virtual_space_node_default_size: 1048576.
 - enlarge_chunks_in_place: 1.
 - new_chunks_are_fully_committed: 0.
 - uncommit_free_chunks: 1.
 - use_allocation_guard: 0.
 - handle_deallocations: 1.


Internal statistics:

num_allocs_failed_limit: 3.
num_arena_births: 178.
num_arena_deaths: 0.
num_vsnodes_births: 4.
num_vsnodes_deaths: 0.
num_space_committed: 398.
num_space_uncommitted: 0.
num_chunks_returned_to_freelist: 3.
num_chunks_taken_from_freelist: 732.
num_chunk_merges: 3.
num_chunk_splits: 496.
num_chunks_enlarged: 390.
num_purges: 0.
num_inconsistent_stats: 0.

CodeHeap 'non-profiled nmethods': size=120064Kb used=835Kb max_used=835Kb free=119228Kb
 bounds [0x000001c9b6700000, 0x000001c9b6970000, 0x000001c9bdc40000]
CodeHeap 'profiled nmethods': size=120000Kb used=4816Kb max_used=4816Kb free=115183Kb
 bounds [0x000001c9af1d0000, 0x000001c9af690000, 0x000001c9b6700000]
CodeHeap 'non-nmethods': size=5696Kb used=1163Kb max_used=1198Kb free=4532Kb
 bounds [0x000001c9aec40000, 0x000001c9aeeb0000, 0x000001c9af1d0000]
 total_blobs=2800 nmethods=2341 adapters=372
 compilation: enabled
              stopped_count=0, restarted_count=0
 full_count=0

Compilation events (20 events):
Event: 3.047 Thread 0x000001c9c214dc80 nmethod 2270 0x000001c9af650290 code [0x000001c9af650440, 0x000001c9af6506c8]
Event: 3.047 Thread 0x000001c9c214dc80 2271       3       sun.net.www.protocol.jar.JarURLConnection::getUseCaches (8 bytes)
Event: 3.047 Thread 0x000001c9c214dc80 nmethod 2271 0x000001c9af650810 code [0x000001c9af6509c0, 0x000001c9af650b88]
Event: 3.049 Thread 0x000001c9c214dc80 2272       3       org.springframework.util.Assert::hasLength (17 bytes)
Event: 3.050 Thread 0x000001c9c214dc80 nmethod 2272 0x000001c9af650c90 code [0x000001c9af650e60, 0x000001c9af6511e8]
Event: 3.050 Thread 0x000001c9c214dc80 2273       3       org.springframework.util.MultiValueMapAdapter$$Lambda$34/0x0000000100100dc0::apply (5 bytes)
Event: 3.050 Thread 0x000001c9c214dc80 nmethod 2273 0x000001c9af651390 code [0x000001c9af651540, 0x000001c9af651748]
Event: 3.050 Thread 0x000001c9c214dc80 2274       3       org.springframework.util.MultiValueMapAdapter::lambda$add$0 (9 bytes)
Event: 3.050 Thread 0x000001c9c214dc80 nmethod 2274 0x000001c9af651810 code [0x000001c9af6519c0, 0x000001c9af651b48]
Event: 3.050 Thread 0x000001c9c214dc80 2275       1       org.springframework.core.type.filter.AbstractTypeHierarchyTraversingFilter::matchSelf (2 bytes)
Event: 3.050 Thread 0x000001c9c214dc80 nmethod 2275 0x000001c9b67cf510 code [0x000001c9b67cf6a0, 0x000001c9b67cf778]
Event: 3.052 Thread 0x000001c9c214dc80 2276       3       ch.qos.logback.classic.Logger::isDebugEnabled (6 bytes)
Event: 3.052 Thread 0x000001c9c214dc80 nmethod 2276 0x000001c9af651c10 code [0x000001c9af651dc0, 0x000001c9af651f08]
Event: 3.052 Thread 0x000001c9c214dc80 2277       3       ch.qos.logback.classic.Logger::isDebugEnabled (77 bytes)
Event: 3.053 Thread 0x000001c9c214dc80 nmethod 2277 0x000001c9af651f90 code [0x000001c9af652200, 0x000001c9af652ba8]
Event: 3.053 Thread 0x000001c9c214dc80 2278       3       org.apache.commons.logging.LogAdapter$Slf4jLog::isDebugEnabled (10 bytes)
Event: 3.053 Thread 0x000001c9c214dc80 nmethod 2278 0x000001c9af652e90 code [0x000001c9af653040, 0x000001c9af653228]
Event: 3.053 Thread 0x000001c9c214dc80 2279       3       java.lang.ProcessEnvironment::get (6 bytes)
Event: 3.054 Thread 0x000001c9c214dc80 nmethod 2279 0x000001c9af653310 code [0x000001c9af653500, 0x000001c9af653a78]
Event: 3.054 Thread 0x000001c9c214dc80 2280       3       java.lang.ProcessEnvironment::get (12 bytes)

GC Heap History (18 events):
Event: 0.326 GC heap before
{Heap before GC invocations=0 (full 0):
 garbage-first heap   total 65536K, used 6144K [0x00000000c1c00000, 0x0000000100000000)
  region size 1024K, 6 young (6144K), 0 survivors (0K)
 Metaspace       used 5191K, committed 5312K, reserved 1056768K
  class space    used 425K, committed 512K, reserved 1048576K
}
Event: 0.329 GC heap after
{Heap after GC invocations=1 (full 0):
 garbage-first heap   total 65536K, used 4326K [0x00000000c1c00000, 0x0000000100000000)
  region size 1024K, 1 young (1024K), 1 survivors (1024K)
 Metaspace       used 5191K, committed 5312K, reserved 1056768K
  class space    used 425K, committed 512K, reserved 1048576K
}
Event: 0.525 GC heap before
{Heap before GC invocations=1 (full 0):
 garbage-first heap   total 65536K, used 6374K [0x00000000c1c00000, 0x0000000100000000)
  region size 1024K, 4 young (4096K), 1 survivors (1024K)
 Metaspace       used 8467K, committed 8576K, reserved 1056768K
  class space    used 718K, committed 768K, reserved 1048576K
}
Event: 0.528 GC heap after
{Heap after GC invocations=2 (full 0):
 garbage-first heap   total 65536K, used 5490K [0x00000000c1c00000, 0x0000000100000000)
  region size 1024K, 1 young (1024K), 1 survivors (1024K)
 Metaspace       used 8467K, committed 8576K, reserved 1056768K
  class space    used 718K, committed 768K, reserved 1048576K
}
Event: 0.875 GC heap before
{Heap before GC invocations=2 (full 0):
 garbage-first heap   total 65536K, used 13682K [0x00000000c1c00000, 0x0000000100000000)
  region size 1024K, 9 young (9216K), 1 survivors (1024K)
 Metaspace       used 11530K, committed 11712K, reserved 1064960K
  class space    used 1092K, committed 1216K, reserved 1048576K
}
Event: 0.878 GC heap after
{Heap after GC invocations=3 (full 0):
 garbage-first heap   total 65536K, used 6434K [0x00000000c1c00000, 0x0000000100000000)
  region size 1024K, 2 young (2048K), 2 survivors (2048K)
 Metaspace       used 11530K, committed 11712K, reserved 1064960K
  class space    used 1092K, committed 1216K, reserved 1048576K
}
Event: 0.888 GC heap before
{Heap before GC invocations=3 (full 0):
 garbage-first heap   total 65536K, used 23842K [0x00000000c1c00000, 0x0000000100000000)
  region size 1024K, 20 young (20480K), 2 survivors (2048K)
 Metaspace       used 11530K, committed 11712K, reserved 1064960K
  class space    used 1092K, committed 1216K, reserved 1048576K
}
Event: 0.891 GC heap after
{Heap after GC invocations=4 (full 0):
 garbage-first heap   total 65536K, used 6490K [0x00000000c1c00000, 0x0000000100000000)
  region size 1024K, 1 young (1024K), 1 survivors (1024K)
 Metaspace       used 11530K, committed 11712K, reserved 1064960K
  class space    used 1092K, committed 1216K, reserved 1048576K
}
Event: 1.618 GC heap before
{Heap before GC invocations=4 (full 0):
 garbage-first heap   total 65536K, used 41306K [0x00000000c1c00000, 0x0000000100000000)
  region size 1024K, 36 young (36864K), 1 survivors (1024K)
 Metaspace       used 16151K, committed 16320K, reserved 1064960K
  class space    used 1670K, committed 1728K, reserved 1048576K
}
Event: 1.623 GC heap after
{Heap after GC invocations=5 (full 0):
 garbage-first heap   total 65536K, used 7507K [0x00000000c1c00000, 0x0000000100000000)
  region size 1024K, 2 young (2048K), 2 survivors (2048K)
 Metaspace       used 16151K, committed 16320K, reserved 1064960K
  class space    used 1670K, committed 1728K, reserved 1048576K
}
Event: 2.107 GC heap before
{Heap before GC invocations=5 (full 0):
 garbage-first heap   total 65536K, used 25939K [0x00000000c1c00000, 0x0000000100000000)
  region size 1024K, 21 young (21504K), 2 survivors (2048K)
 Metaspace       used 21321K, committed 21504K, reserved 1073152K
  class space    used 2287K, committed 2368K, reserved 1048576K
}
Event: 2.115 GC heap after
{Heap after GC invocations=6 (full 0):
 garbage-first heap   total 65536K, used 8555K [0x00000000c1c00000, 0x0000000100000000)
  region size 1024K, 3 young (3072K), 3 survivors (3072K)
 Metaspace       used 21321K, committed 21504K, reserved 1073152K
  class space    used 2287K, committed 2368K, reserved 1048576K
}
Event: 2.450 GC heap before
{Heap before GC invocations=7 (full 0):
 garbage-first heap   total 34816K, used 24939K [0x00000000c1c00000, 0x0000000100000000)
  region size 1024K, 20 young (20480K), 3 survivors (3072K)
 Metaspace       used 23551K, committed 23808K, reserved 1073152K
  class space    used 2596K, committed 2688K, reserved 1048576K
}
Event: 2.457 GC heap after
{Heap after GC invocations=8 (full 0):
 garbage-first heap   total 34816K, used 9152K [0x00000000c1c00000, 0x0000000100000000)
  region size 1024K, 2 young (2048K), 2 survivors (2048K)
 Metaspace       used 23551K, committed 23808K, reserved 1073152K
  class space    used 2596K, committed 2688K, reserved 1048576K
}
Event: 2.461 GC heap before
{Heap before GC invocations=8 (full 0):
 garbage-first heap   total 34816K, used 24512K [0x00000000c1c00000, 0x0000000100000000)
  region size 1024K, 18 young (18432K), 2 survivors (2048K)
 Metaspace       used 23551K, committed 23808K, reserved 1073152K
  class space    used 2596K, committed 2688K, reserved 1048576K
}
Event: 2.464 GC heap after
{Heap after GC invocations=9 (full 0):
 garbage-first heap   total 34816K, used 9094K [0x00000000c1c00000, 0x0000000100000000)
  region size 1024K, 1 young (1024K), 1 survivors (1024K)
 Metaspace       used 23551K, committed 23808K, reserved 1073152K
  class space    used 2596K, committed 2688K, reserved 1048576K
}
Event: 2.540 GC heap before
{Heap before GC invocations=9 (full 0):
 garbage-first heap   total 34816K, used 24454K [0x00000000c1c00000, 0x0000000100000000)
  region size 1024K, 17 young (17408K), 1 survivors (1024K)
 Metaspace       used 24064K, committed 24320K, reserved 1073152K
  class space    used 2647K, committed 2752K, reserved 1048576K
}
Event: 2.542 GC heap after
{Heap after GC invocations=10 (full 0):
 garbage-first heap   total 79872K, used 9234K [0x00000000c1c00000, 0x0000000100000000)
  region size 1024K, 1 young (1024K), 1 survivors (1024K)
 Metaspace       used 24064K, committed 24320K, reserved 1073152K
  class space    used 2647K, committed 2752K, reserved 1048576K
}

Deoptimization events (20 events):
Event: 2.441 Thread 0x000001c9c33ed260 DEOPT PACKING pc=0x000001c9af4c6056 sp=0x000000a389ffbe70
Event: 2.441 Thread 0x000001c9c33ed260 DEOPT UNPACKING pc=0x000001c9aec92b24 sp=0x000000a389ffb2f8 mode 0
Event: 2.466 Thread 0x000001c9c33ed260 DEOPT PACKING pc=0x000001c9af4c6056 sp=0x000000a389ffbe70
Event: 2.466 Thread 0x000001c9c33ed260 DEOPT UNPACKING pc=0x000001c9aec92b24 sp=0x000000a389ffb2f8 mode 0
Event: 2.467 Thread 0x000001c9c33ed260 DEOPT PACKING pc=0x000001c9af4c6056 sp=0x000000a389ffbe70
Event: 2.467 Thread 0x000001c9c33ed260 DEOPT UNPACKING pc=0x000001c9aec92b24 sp=0x000000a389ffb2f8 mode 0
Event: 2.506 Thread 0x000001c9c33ed260 DEOPT PACKING pc=0x000001c9af4c6056 sp=0x000000a389ffbe70
Event: 2.506 Thread 0x000001c9c33ed260 DEOPT UNPACKING pc=0x000001c9aec92b24 sp=0x000000a389ffb2f8 mode 0
Event: 2.766 Thread 0x000001c9c33ed260 Uncommon trap: trap_request=0xffffffc6 fr.pc=0x000001c9b679c18c relative=0x00000000000002cc
Event: 2.766 Thread 0x000001c9c33ed260 Uncommon trap: reason=bimorphic_or_optimized_type_check action=maybe_recompile pc=0x000001c9b679c18c method=java.util.HashMap.getNode(Ljava/lang/Object;)Ljava/util/HashMap$Node; @ 128 c2
Event: 2.766 Thread 0x000001c9c33ed260 DEOPT PACKING pc=0x000001c9b679c18c sp=0x000000a389ffdff0
Event: 2.766 Thread 0x000001c9c33ed260 DEOPT UNPACKING pc=0x000001c9aec9239d sp=0x000000a389ffdf58 mode 2
Event: 2.788 Thread 0x000001c9c33ed260 Uncommon trap: trap_request=0xffffff45 fr.pc=0x000001c9b67bf1c4 relative=0x00000000000013c4
Event: 2.788 Thread 0x000001c9c33ed260 Uncommon trap: reason=unstable_if action=reinterpret pc=0x000001c9b67bf1c4 method=jdk.internal.jimage.ImageLocation.verifyName(Ljava/lang/String;Ljava/lang/String;IIIIIILjdk/internal/jimage/ImageStrings;)Z @ 2 c2
Event: 2.788 Thread 0x000001c9c33ed260 DEOPT PACKING pc=0x000001c9b67bf1c4 sp=0x000000a389ffd900
Event: 2.788 Thread 0x000001c9c33ed260 DEOPT UNPACKING pc=0x000001c9aec9239d sp=0x000000a389ffd7e8 mode 2
Event: 2.873 Thread 0x000001c9c33ed260 Uncommon trap: trap_request=0xffffffc6 fr.pc=0x000001c9b679c18c relative=0x00000000000002cc
Event: 2.873 Thread 0x000001c9c33ed260 Uncommon trap: reason=bimorphic_or_optimized_type_check action=maybe_recompile pc=0x000001c9b679c18c method=java.util.HashMap.getNode(Ljava/lang/Object;)Ljava/util/HashMap$Node; @ 128 c2
Event: 2.873 Thread 0x000001c9c33ed260 DEOPT PACKING pc=0x000001c9b679c18c sp=0x000000a389ffdff0
Event: 2.873 Thread 0x000001c9c33ed260 DEOPT UNPACKING pc=0x000001c9aec9239d sp=0x000000a389ffdf58 mode 2

Classes unloaded (0 events):
No events

Classes redefined (0 events):
No events

Internal exceptions (20 events):
Event: 2.192 Thread 0x000001c9c33ed260 Exception <a 'java/lang/ClassNotFoundException'{0x00000000c37c2d60}: org/springframework/beans/factory/support/BeanDefinitionRegistryPostProcessorCustomizer> (0x00000000c37c2d60) 
thrown [e:\jenkins\tmp\workspace\build\src\src\hotspot\share\classfile\systemDictionary.cpp, line 256]
Event: 2.193 Thread 0x000001c9c33ed260 Exception <a 'java/lang/ClassNotFoundException'{0x00000000c37c8300}: org/springframework/beans/factory/config/BeanFactoryPostProcessorCustomizer> (0x00000000c37c8300) 
thrown [e:\jenkins\tmp\workspace\build\src\src\hotspot\share\classfile\systemDictionary.cpp, line 256]
Event: 2.194 Thread 0x000001c9c33ed260 Exception <a 'java/lang/ClassNotFoundException'{0x00000000c37cd5a8}: org/springframework/core/PriorityOrderedCustomizer> (0x00000000c37cd5a8) 
thrown [e:\jenkins\tmp\workspace\build\src\src\hotspot\share\classfile\systemDictionary.cpp, line 256]
Event: 2.194 Thread 0x000001c9c33ed260 Exception <a 'java/lang/ClassNotFoundException'{0x00000000c37d1478}: org/springframework/core/OrderedCustomizer> (0x00000000c37d1478) 
thrown [e:\jenkins\tmp\workspace\build\src\src\hotspot\share\classfile\systemDictionary.cpp, line 256]
Event: 2.196 Thread 0x000001c9c33ed260 Exception <a 'java/lang/ClassNotFoundException'{0x00000000c37d6600}: org/springframework/context/ResourceLoaderAwareCustomizer> (0x00000000c37d6600) 
thrown [e:\jenkins\tmp\workspace\build\src\src\hotspot\share\classfile\systemDictionary.cpp, line 256]
Event: 2.196 Thread 0x000001c9c33ed260 Exception <a 'java/lang/ClassNotFoundException'{0x00000000c37db8c0}: org/springframework/beans/factory/AwareCustomizer> (0x00000000c37db8c0) 
thrown [e:\jenkins\tmp\workspace\build\src\src\hotspot\share\classfile\systemDictionary.cpp, line 256]
Event: 2.197 Thread 0x000001c9c33ed260 Exception <a 'java/lang/ClassNotFoundException'{0x00000000c37dfba0}: org/springframework/context/ApplicationStartupAwareCustomizer> (0x00000000c37dfba0) 
thrown [e:\jenkins\tmp\workspace\build\src\src\hotspot\share\classfile\systemDictionary.cpp, line 256]
Event: 2.198 Thread 0x000001c9c33ed260 Exception <a 'java/lang/ClassNotFoundException'{0x00000000c37e50e8}: org/springframework/beans/factory/AwareCustomizer> (0x00000000c37e50e8) 
thrown [e:\jenkins\tmp\workspace\build\src\src\hotspot\share\classfile\systemDictionary.cpp, line 256]
Event: 2.199 Thread 0x000001c9c33ed260 Exception <a 'java/lang/ClassNotFoundException'{0x00000000c37e93f0}: org/springframework/beans/factory/BeanClassLoaderAwareCustomizer> (0x00000000c37e93f0) 
thrown [e:\jenkins\tmp\workspace\build\src\src\hotspot\share\classfile\systemDictionary.cpp, line 256]
Event: 2.199 Thread 0x000001c9c33ed260 Exception <a 'java/lang/ClassNotFoundException'{0x00000000c37ee768}: org/springframework/beans/factory/AwareCustomizer> (0x00000000c37ee768) 
thrown [e:\jenkins\tmp\workspace\build\src\src\hotspot\share\classfile\systemDictionary.cpp, line 256]
Event: 2.200 Thread 0x000001c9c33ed260 Exception <a 'java/lang/ClassNotFoundException'{0x00000000c37f2810}: org/springframework/context/EnvironmentAwareCustomizer> (0x00000000c37f2810) 
thrown [e:\jenkins\tmp\workspace\build\src\src\hotspot\share\classfile\systemDictionary.cpp, line 256]
Event: 2.201 Thread 0x000001c9c33ed260 Exception <a 'java/lang/ClassNotFoundException'{0x00000000c37f7a50}: org/springframework/beans/factory/AwareCustomizer> (0x00000000c37f7a50) 
thrown [e:\jenkins\tmp\workspace\build\src\src\hotspot\share\classfile\systemDictionary.cpp, line 256]
Event: 2.273 Thread 0x000001c9c44d9e60 Exception <a 'java/lang/NoSuchMethodError'{0x00000000c345ce20}: 'long java.lang.invoke.DirectMethodHandle$Holder.invokeSpecial(java.lang.Object, java.lang.Object)'> (0x00000000c345ce20) 
thrown [e:\jenkins\tmp\workspace\build\src\src\hotspot\share\interpreter\linkResolver.cpp, line 766]
Event: 2.276 Thread 0x000001c9c44d9e60 Exception <a 'java/lang/NoSuchMethodError'{0x00000000c3467cf0}: 'long java.lang.invoke.DirectMethodHandle$Holder.invokeStatic(java.lang.Object, java.lang.Object)'> (0x00000000c3467cf0) 
thrown [e:\jenkins\tmp\workspace\build\src\src\hotspot\share\interpreter\linkResolver.cpp, line 766]
Event: 2.277 Thread 0x000001c9c44d9e60 Exception <a 'java/lang/NoSuchMethodError'{0x00000000c346b2f0}: 'long java.lang.invoke.DirectMethodHandle$Holder.invokeStaticInit(java.lang.Object, java.lang.Object)'> (0x00000000c346b2f0) 
thrown [e:\jenkins\tmp\workspace\build\src\src\hotspot\share\interpreter\linkResolver.cpp, line 766]
Event: 2.279 Thread 0x000001c9c44d9e60 Exception <a 'java/lang/NoSuchMethodError'{0x00000000c3478e98}: 'long java.lang.invoke.DirectMethodHandle$Holder.invokeInterface(java.lang.Object, java.lang.Object)'> (0x00000000c3478e98) 
thrown [e:\jenkins\tmp\workspace\build\src\src\hotspot\share\interpreter\linkResolver.cpp, line 766]
Event: 2.280 Thread 0x000001c9c44d9e60 Exception <a 'java/lang/IncompatibleClassChangeError'{0x00000000c347c428}: Found class java.lang.Object, but interface was expected> (0x00000000c347c428) 
thrown [e:\jenkins\tmp\workspace\build\src\src\hotspot\share\interpreter\linkResolver.cpp, line 833]
Event: 2.334 Thread 0x000001c9c44d9e60 Exception <a 'java/lang/NoSuchMethodError'{0x00000000c34e09d0}: 'java.lang.Object java.lang.invoke.DirectMethodHandle$Holder.invokeVirtual(java.lang.Object, java.lang.Object, java.lang.Object, java.lang.Object)'> (0x00000000c34e09d0) 
thrown [e:\jenkins\tmp\workspace\build\src\src\hotspot\share\interpreter\linkResolver.cpp, line 766]
Event: 2.569 Thread 0x000001c9c33ed260 Exception <a 'java/lang/IncompatibleClassChangeError'{0x00000000c6805c90}: Found class java.lang.Object, but interface was expected> (0x00000000c6805c90) 
thrown [e:\jenkins\tmp\workspace\build\src\src\hotspot\share\interpreter\linkResolver.cpp, line 833]
Event: 2.638 Thread 0x000001c9c33ed260 Exception <a 'java/lang/NoSuchMethodError'{0x00000000c678f470}: 'void java.lang.invoke.DirectMethodHandle$Holder.invokeInterface(java.lang.Object, java.lang.Object, java.lang.Object, java.lang.Object)'> (0x00000000c678f470) 
thrown [e:\jenkins\tmp\workspace\build\src\src\hotspot\share\interpreter\linkResolver.cpp, line 766]

VM Operations (20 events):
Event: 1.697 Executing VM operation: HandshakeAllThreads
Event: 1.697 Executing VM operation: HandshakeAllThreads done
Event: 2.073 Executing VM operation: HandshakeAllThreads
Event: 2.073 Executing VM operation: HandshakeAllThreads done
Event: 2.107 Executing VM operation: CollectForMetadataAllocation
Event: 2.125 Executing VM operation: CollectForMetadataAllocation done
Event: 2.127 Executing VM operation: G1Concurrent
Event: 2.129 Executing VM operation: G1Concurrent done
Event: 2.131 Executing VM operation: G1Concurrent
Event: 2.133 Executing VM operation: G1Concurrent done
Event: 2.161 Executing VM operation: HandshakeAllThreads
Event: 2.161 Executing VM operation: HandshakeAllThreads done
Event: 2.246 Executing VM operation: HandshakeAllThreads
Event: 2.246 Executing VM operation: HandshakeAllThreads done
Event: 2.450 Executing VM operation: G1CollectForAllocation
Event: 2.457 Executing VM operation: G1CollectForAllocation done
Event: 2.461 Executing VM operation: G1CollectForAllocation
Event: 2.464 Executing VM operation: G1CollectForAllocation done
Event: 2.540 Executing VM operation: G1CollectForAllocation
Event: 2.542 Executing VM operation: G1CollectForAllocation done

Events (20 events):
Event: 2.271 loading class java/time/ZoneOffset done
Event: 2.273 loading class java/util/function/ToLongFunction
Event: 2.273 loading class java/util/function/ToLongFunction done
Event: 2.311 loading class java/util/regex/Pattern$LazyLoop
Event: 2.311 loading class java/util/regex/Pattern$Loop
Event: 2.311 loading class java/util/regex/Pattern$Loop done
Event: 2.311 loading class java/util/regex/Pattern$LazyLoop done
Event: 2.311 loading class java/util/regex/Pattern$Prolog
Event: 2.311 loading class java/util/regex/Pattern$Prolog done
Event: 2.339 Thread 0x000001c9c44d9e60 Thread exited: 0x000001c9c44d9e60
Event: 2.352 loading class java/lang/Deprecated
Event: 2.352 loading class java/lang/Deprecated done
Event: 2.431 Thread 0x000001c9c44d9e60 Thread added: 0x000001c9c44d9e60
Event: 2.527 loading class javax/naming/ldap/LdapContext
Event: 2.533 loading class javax/naming/directory/DirContext
Event: 2.534 loading class javax/naming/directory/DirContext done
Event: 2.534 loading class javax/naming/ldap/LdapContext done
Event: 2.553 Thread 0x000001c9c44d9e60 Thread exited: 0x000001c9c44d9e60
Event: 2.569 loading class java/util/HashMap$KeySpliterator
Event: 2.570 loading class java/util/HashMap$KeySpliterator done


Dynamic libraries:
0x00007ff77ea20000 - 0x00007ff77ea2e000 	C:\Users\Cesar Algusto\.p2\pool\plugins\org.eclipse.justj.openjdk.hotspot.jre.full.win32.x86_64_17.0.0.v20211012-1059\jre\bin\javaw.exe
0x00007fffe1dd0000 - 0x00007fffe1fc5000 	C:\Windows\SYSTEM32\ntdll.dll
0x00007fffe1ba0000 - 0x00007fffe1c5d000 	C:\Windows\System32\KERNEL32.DLL
0x00007fffdf670000 - 0x00007fffdf938000 	C:\Windows\System32\KERNELBASE.dll
0x00007fffdfab0000 - 0x00007fffdfbb0000 	C:\Windows\System32\ucrtbase.dll
0x00007fffcbdd0000 - 0x00007fffcbde8000 	C:\Users\Cesar Algusto\.p2\pool\plugins\org.eclipse.justj.openjdk.hotspot.jre.full.win32.x86_64_17.0.0.v20211012-1059\jre\bin\jli.dll
0x00007fffdff90000 - 0x00007fffe0130000 	C:\Windows\System32\USER32.dll
0x00007fffdfa80000 - 0x00007fffdfaa2000 	C:\Windows\System32\win32u.dll
0x00007fffdfe30000 - 0x00007fffdfe5a000 	C:\Windows\System32\GDI32.dll
0x00007fffdf510000 - 0x00007fffdf61b000 	C:\Windows\System32\gdi32full.dll
0x00007fffdfbb0000 - 0x00007fffdfc4d000 	C:\Windows\System32\msvcp_win.dll
0x00007fffcbdb0000 - 0x00007fffcbdc9000 	C:\Users\Cesar Algusto\.p2\pool\plugins\org.eclipse.justj.openjdk.hotspot.jre.full.win32.x86_64_17.0.0.v20211012-1059\jre\bin\VCRUNTIME140.dll
0x00007fffcb360000 - 0x00007fffcb5fa000 	C:\Windows\WinSxS\amd64_microsoft.windows.common-controls_6595b64144ccf1df_6.0.19041.844_none_ca00b6081b84eb1d\COMCTL32.dll
0x00007fffe13e0000 - 0x00007fffe147e000 	C:\Windows\System32\msvcrt.dll
0x00007fffe0410000 - 0x00007fffe0440000 	C:\Windows\System32\IMM32.DLL
0x00007fffd23d0000 - 0x00007fffd23dc000 	C:\Users\Cesar Algusto\.p2\pool\plugins\org.eclipse.justj.openjdk.hotspot.jre.full.win32.x86_64_17.0.0.v20211012-1059\jre\bin\vcruntime140_1.dll
0x00007fffc4e30000 - 0x00007fffc4ec1000 	C:\Users\Cesar Algusto\.p2\pool\plugins\org.eclipse.justj.openjdk.hotspot.jre.full.win32.x86_64_17.0.0.v20211012-1059\jre\bin\msvcp140.dll
0x00007fffae830000 - 0x00007fffaf476000 	C:\Users\Cesar Algusto\.p2\pool\plugins\org.eclipse.justj.openjdk.hotspot.jre.full.win32.x86_64_17.0.0.v20211012-1059\jre\bin\server\jvm.dll
0x00007fffe1a20000 - 0x00007fffe1acc000 	C:\Windows\System32\ADVAPI32.dll
0x00007fffe1090000 - 0x00007fffe112b000 	C:\Windows\System32\sechost.dll
0x00007fffe01b0000 - 0x00007fffe02db000 	C:\Windows\System32\RPCRT4.dll
0x00007fffe0140000 - 0x00007fffe0148000 	C:\Windows\System32\PSAPI.DLL
0x00007fffdac20000 - 0x00007fffdac29000 	C:\Windows\SYSTEM32\WSOCK32.dll
0x00007fffc88e0000 - 0x00007fffc8907000 	C:\Windows\SYSTEM32\WINMM.dll
0x00007fffdfe60000 - 0x00007fffdfecb000 	C:\Windows\System32\WS2_32.dll
0x00007fffd0470000 - 0x00007fffd047a000 	C:\Windows\SYSTEM32\VERSION.dll
0x00007fffdd480000 - 0x00007fffdd492000 	C:\Windows\SYSTEM32\kernel.appcore.dll
0x00007fffdac10000 - 0x00007fffdac1a000 	C:\Users\Cesar Algusto\.p2\pool\plugins\org.eclipse.justj.openjdk.hotspot.jre.full.win32.x86_64_17.0.0.v20211012-1059\jre\bin\jimage.dll
0x00007fffd0690000 - 0x00007fffd0874000 	C:\Windows\SYSTEM32\DBGHELP.DLL
0x00007fffd0480000 - 0x00007fffd04ac000 	C:\Windows\SYSTEM32\dbgcore.DLL
0x00007fffdfc50000 - 0x00007fffdfcd0000 	C:\Windows\System32\bcryptPrimitives.dll
0x00007fffd5110000 - 0x00007fffd5135000 	C:\Users\Cesar Algusto\.p2\pool\plugins\org.eclipse.justj.openjdk.hotspot.jre.full.win32.x86_64_17.0.0.v20211012-1059\jre\bin\java.dll
0x00007fffd23b0000 - 0x00007fffd23c8000 	C:\Users\Cesar Algusto\.p2\pool\plugins\org.eclipse.justj.openjdk.hotspot.jre.full.win32.x86_64_17.0.0.v20211012-1059\jre\bin\zip.dll
0x00007fffe0440000 - 0x00007fffe0b82000 	C:\Windows\System32\SHELL32.dll
0x00007fffdd680000 - 0x00007fffdde10000 	C:\Windows\SYSTEM32\windows.storage.dll
0x00007fffe0b90000 - 0x00007fffe0ee5000 	C:\Windows\System32\combase.dll
0x00007fffdef80000 - 0x00007fffdefac000 	C:\Windows\SYSTEM32\Wldp.dll
0x00007fffe0360000 - 0x00007fffe040e000 	C:\Windows\System32\SHCORE.dll
0x00007fffdfed0000 - 0x00007fffdff25000 	C:\Windows\System32\shlwapi.dll
0x00007fffdf450000 - 0x00007fffdf46f000 	C:\Windows\SYSTEM32\profapi.dll
0x00007fffd2390000 - 0x00007fffd23a9000 	C:\Users\Cesar Algusto\.p2\pool\plugins\org.eclipse.justj.openjdk.hotspot.jre.full.win32.x86_64_17.0.0.v20211012-1059\jre\bin\net.dll
0x00007fffd8f70000 - 0x00007fffd907b000 	C:\Windows\SYSTEM32\WINHTTP.dll
0x00007fffdecf0000 - 0x00007fffded5a000 	C:\Windows\system32\mswsock.dll
0x00007fffd2370000 - 0x00007fffd2385000 	C:\Users\Cesar Algusto\.p2\pool\plugins\org.eclipse.justj.openjdk.hotspot.jre.full.win32.x86_64_17.0.0.v20211012-1059\jre\bin\nio.dll
0x00007fffdac00000 - 0x00007fffdac10000 	C:\Users\Cesar Algusto\.p2\pool\plugins\org.eclipse.justj.openjdk.hotspot.jre.full.win32.x86_64_17.0.0.v20211012-1059\jre\bin\verify.dll
0x00007fffd2340000 - 0x00007fffd2349000 	C:\Users\Cesar Algusto\.p2\pool\plugins\org.eclipse.justj.openjdk.hotspot.jre.full.win32.x86_64_17.0.0.v20211012-1059\jre\bin\management.dll
0x00007fffd2270000 - 0x00007fffd227b000 	C:\Users\Cesar Algusto\.p2\pool\plugins\org.eclipse.justj.openjdk.hotspot.jre.full.win32.x86_64_17.0.0.v20211012-1059\jre\bin\management_ext.dll
0x00007fffcd4e0000 - 0x00007fffcd4f7000 	C:\Windows\system32\napinsp.dll
0x00007fffcd4c0000 - 0x00007fffcd4db000 	C:\Windows\system32\pnrpnsp.dll
0x00007fffcd4a0000 - 0x00007fffcd4b5000 	C:\Windows\system32\wshbth.dll
0x00007fffdaf80000 - 0x00007fffdaf9d000 	C:\Windows\system32\NLAapi.dll
0x00007fffde990000 - 0x00007fffde9cb000 	C:\Windows\SYSTEM32\IPHLPAPI.DLL
0x00007fffde9d0000 - 0x00007fffdea9c000 	C:\Windows\SYSTEM32\DNSAPI.dll
0x00007fffe0130000 - 0x00007fffe0138000 	C:\Windows\System32\NSI.dll
0x00007fffcd480000 - 0x00007fffcd492000 	C:\Windows\System32\winrnr.dll
0x00007fffd42d0000 - 0x00007fffd42da000 	C:\Windows\System32\rasadhlp.dll
0x00007fffd4080000 - 0x00007fffd40ff000 	C:\Windows\System32\fwpuclnt.dll
0x00007fffdf9f0000 - 0x00007fffdfa17000 	C:\Windows\System32\bcrypt.dll

dbghelp: loaded successfully - version: 4.0.5 - missing functions: none
symbol engine: initialized successfully - sym options: 0x614 - pdb path: .;C:\Users\Cesar Algusto\.p2\pool\plugins\org.eclipse.justj.openjdk.hotspot.jre.full.win32.x86_64_17.0.0.v20211012-1059\jre\bin;C:\Windows\SYSTEM32;C:\Windows\WinSxS\amd64_microsoft.windows.common-controls_6595b64144ccf1df_6.0.19041.844_none_ca00b6081b84eb1d;C:\Users\Cesar Algusto\.p2\pool\plugins\org.eclipse.justj.openjdk.hotspot.jre.full.win32.x86_64_17.0.0.v20211012-1059\jre\bin\server

VM Arguments:
jvm_args: -Dfile.encoding=UTF-8 -XX:+ShowCodeDetailsInExceptionMessages 
java_command: com.AppRH.AppRH.AppRhApplication
java_class_path (initial): D:\Lições UC12\AppRH\AppRH\target\classes;C:\Users\Cesar Algusto\.m2\repository\org\springframework\boot\spring-boot-starter-data-jpa\2.6.2\spring-boot-starter-data-jpa-2.6.2.jar;C:\Users\Cesar Algusto\.m2\repository\org\springframework\boot\spring-boot-starter-aop\2.6.2\spring-boot-starter-aop-2.6.2.jar;C:\Users\Cesar Algusto\.m2\repository\org\springframework\spring-aop\5.3.14\spring-aop-5.3.14.jar;C:\Users\Cesar Algusto\.m2\repository\org\aspectj\aspectjweaver\1.9.7\aspectjweaver-1.9.7.jar;C:\Users\Cesar Algusto\.m2\repository\org\springframework\boot\spring-boot-starter-jdbc\2.6.2\spring-boot-starter-jdbc-2.6.2.jar;C:\Users\Cesar Algusto\.m2\repository\com\zaxxer\HikariCP\4.0.3\HikariCP-4.0.3.jar;C:\Users\Cesar Algusto\.m2\repository\org\springframework\spring-jdbc\5.3.14\spring-jdbc-5.3.14.jar;C:\Users\Cesar Algusto\.m2\repository\jakarta\transaction\jakarta.transaction-api\1.3.3\jakarta.transaction-api-1.3.3.jar;C:\Users\Cesar Algusto\.m2\repository\jakarta\persistence\jakarta.persistence-api\2.2.3\jakarta.persistence-api-2.2.3.jar;C:\Users\Cesar Algusto\.m2\repository\org\hibernate\hibernate-core\5.6.3.Final\hibernate-core-5.6.3.Final.jar;C:\Users\Cesar Algusto\.m2\repository\org\jboss\logging\jboss-logging\3.4.2.Final\jboss-logging-3.4.2.Final.jar;C:\Users\Cesar Algusto\.m2\repository\net\bytebuddy\byte-buddy\1.11.22\byte-buddy-1.11.22.jar;C:\Users\Cesar Algusto\.m2\repository\antlr\antlr\2.7.7\antlr-2.7.7.jar;C:\Users\Cesar Algusto\.m2\repository\org\jboss\jandex\2.2.3.Final\jandex-2.2.3.Final.jar;C:\Users\Cesar Algusto\.m2\repository\com\fasterxml\classmate\1.5.1\classmate-1.5.1.jar;C:\Users\Cesar Algusto\.m2\repository\org\hibernate\common\hibernate-commons-annotations\5.1.2.Final\hibernate-commons-annotations-5.1.2.Final.jar;C:\Users\Cesar Algusto\.m2\repository\org\glassfish\jaxb\jaxb-runtime\2.3.5\jaxb-runtime-2.3.5.jar;C:\Users\Cesar Algusto\.m2\repository\org\glassfish\jaxb\txw2\2.3.5\txw2-2.3.5.jar;C:\Users\Cesar Algusto
Launcher Type: SUN_STANDARD

[Global flags]
     intx CICompilerCount                          = 2                                         {product} {ergonomic}
     uint ConcGCThreads                            = 1                                         {product} {ergonomic}
     uint G1ConcRefinementThreads                  = 2                                         {product} {ergonomic}
   size_t G1HeapRegionSize                         = 1048576                                   {product} {ergonomic}
    uintx GCDrainStackTargetSize                   = 64                                        {product} {ergonomic}
   size_t InitialHeapSize                          = 67108864                                  {product} {ergonomic}
   size_t MarkStackSize                            = 4194304                                   {product} {ergonomic}
   size_t MaxHeapSize                              = 1044381696                                {product} {ergonomic}
   size_t MaxNewSize                               = 625999872                                 {product} {ergonomic}
   size_t MinHeapDeltaBytes                        = 1048576                                   {product} {ergonomic}
   size_t MinHeapSize                              = 8388608                                   {product} {ergonomic}
    uintx NonNMethodCodeHeapSize                   = 5826188                                {pd product} {ergonomic}
    uintx NonProfiledCodeHeapSize                  = 122916026                              {pd product} {ergonomic}
    uintx ProfiledCodeHeapSize                     = 122916026                              {pd product} {ergonomic}
    uintx ReservedCodeCacheSize                    = 251658240                              {pd product} {ergonomic}
     bool SegmentedCodeCache                       = true                                      {product} {ergonomic}
     bool ShowCodeDetailsInExceptionMessages       = true                                   {manageable} {command line}
   size_t SoftMaxHeapSize                          = 1044381696                             {manageable} {ergonomic}
     bool UseCompressedClassPointers               = true                           {product lp64_product} {ergonomic}
     bool UseCompressedOops                        = true                           {product lp64_product} {ergonomic}
     bool UseG1GC                                  = true                                      {product} {ergonomic}
     bool UseLargePagesIndividualAllocation        = false                                  {pd product} {ergonomic}

Logging:
Log output configuration:
 #0: stdout all=warning uptime,level,tags
 #1: stderr all=off uptime,level,tags

Environment Variables:
PATH=C:/Users/Cesar Algusto/.p2/pool/plugins/org.eclipse.justj.openjdk.hotspot.jre.full.win32.x86_64_17.0.0.v20211012-1059/jre/bin/server;C:/Users/Cesar Algusto/.p2/pool/plugins/org.eclipse.justj.openjdk.hotspot.jre.full.win32.x86_64_17.0.0.v20211012-1059/jre/bin;C:\Program Files (x86)\Common Files\Oracle\Java\javapath;C:\Windows\system32;C:\Windows;C:\Windows\System32\Wbem;C:\Windows\System32\WindowsPowerShell\v1.0\;C:\Windows\System32\OpenSSH\;C:\Program Files\MySQL\MySQL Shell 8.0\bin\;C:\Users\Cesar Algusto\AppData\Local\Microsoft\WindowsApps;;C:\Users\Cesar Algusto\AppData\Local\Programs\Microsoft VS Code\bin;C:\Windows\system32;
USERNAME=Cesar Algusto
OS=Windows_NT
PROCESSOR_IDENTIFIER=Intel64 Family 6 Model 58 Stepping 9, GenuineIntel



---------------  S Y S T E M  ---------------

OS:
 Windows 10 , 64 bit Build 19041 (10.0.19041.928)
OS uptime: 0 days 4:56 hours

CPU: total 2 (initial active 2) (2 cores per cpu, 1 threads per core) family 6 model 58 stepping 9 microcode 0x21, cx8, cmov, fxsr, mmx, sse, sse2, sse3, ssse3, sse4.1, sse4.2, popcnt, tsc, tscinvbit, erms, clmul, clflush

Memory: 4k page, system-wide physical 3977M (347M free)
TotalPageFile size 3977M (AvailPageFile size 5M)
current process WorkingSet (physical memory assigned to process): 131M, peak: 131M
current process commit charge ("private bytes"): 191M, peak: 191M

vm_info: OpenJDK 64-Bit Server VM (17+35) for windows-amd64 JRE (17+35), built on Sep 14 2021 17:27:39 by "" with MS VC++ 16.7 (VS2019)

END.
